#
# There is insufficient memory for the Java Runtime Environment to continue.
# Native memory allocation (mmap) failed to map 257949696 bytes for G1 virtual space
# Possible reasons:
#   The system is out of physical RAM or swap space
#   The process is running with CompressedOops enabled, and the Java Heap may be blocking the growth of the native heap
# Possible solutions:
#   Reduce memory load on the system
#   Increase physical memory or swap space
#   Check if swap backing store is full
#   Decrease Java heap size (-Xmx/-Xms)
#   Decrease number of Java threads
#   Decrease Java thread stack sizes (-Xss)
#   Set larger code cache with -XX:ReservedCodeCacheSize=
#   JVM is running with Zero Based Compressed Oops mode in which the Java heap is
#     placed in the first 32GB address space. The Java Heap base address is the
#     maximum limit for the native heap growth. Please use -XX:HeapBaseMinAddress
#     to set the Java Heap base and to place the Java Heap above 32GB virtual address.
# This output file may be truncated or incomplete.
#
#  Out of Memory Error (os_windows.cpp:3532), pid=28072, tid=37944
#
# JRE version:  (17.0.2+8) (build )
# Java VM: OpenJDK 64-Bit Server VM (17.0.2+8, mixed mode, sharing, tiered, compressed oops, compressed class ptrs, g1 gc, windows-amd64)
# No core dump will be written. Minidumps are not enabled by default on client versions of Windows
#

---------------  S U M M A R Y ------------

Command Line: -Dfile.encoding=Cp1252 --module-path=D:\JarFiles\mysql-connector-java-8.0.29.jar -XX:+ShowCodeDetailsInExceptionMessages home

Host: AMD Ryzen 7 6800H with Radeon Graphics         , 16 cores, 15G,  Windows 11 , 64 bit Build 22000 (10.0.22000.708)
Time: Wed Jun 22 13:43:00 2022 India Standard Time elapsed time: 0.010756 seconds (0d 0h 0m 0s)

---------------  T H R E A D  ---------------

Current thread (0x000001658786c760):  JavaThread "Unknown thread" [_thread_in_vm, id=37944, stack(0x0000000e65500000,0x0000000e65600000)]

Stack: [0x0000000e65500000,0x0000000e65600000]
Native frames: (J=compiled Java code, j=interpreted, Vv=VM code, C=native code)
V  [jvm.dll+0x67564a]
V  [jvm.dll+0x82fc04]
V  [jvm.dll+0x8313ae]
V  [jvm.dll+0x831a13]
V  [jvm.dll+0x245235]
V  [jvm.dll+0x672539]
V  [jvm.dll+0x666e82]
V  [jvm.dll+0x30401b]
V  [jvm.dll+0x30b566]
V  [jvm.dll+0x35b1fe]
V  [jvm.dll+0x35b42f]
V  [jvm.dll+0x2daf58]
V  [jvm.dll+0x2dbec4]
V  [jvm.dll+0x801881]
V  [jvm.dll+0x368f81]
V  [jvm.dll+0x7e0cdc]
V  [jvm.dll+0x3eb8bf]
V  [jvm.dll+0x3ed441]
C  [jli.dll+0x5277]
C  [ucrtbase.dll+0x26c0c]
C  [KERNEL32.DLL+0x154e0]
C  [ntdll.dll+0x485b]


---------------  P R O C E S S  ---------------

Threads class SMR info:
_java_thread_list=0x00007fff226f5e98, length=0, elements={
}

Java Threads: ( => current thread )

Other Threads:
  0x00000165878bcc20 GCTaskThread "GC Thread#0" [stack: 0x0000000e65600000,0x0000000e65700000] [id=12832]
  0x00000165878cd750 ConcurrentGCThread "G1 Main Marker" [stack: 0x0000000e65700000,0x0000000e65800000] [id=4356]
  0x00000165878d0070 ConcurrentGCThread "G1 Conc#0" [stack: 0x0000000e65800000,0x0000000e65900000] [id=25656]

[error occurred during error reporting (printing all threads), id 0xc0000005, EXCEPTION_ACCESS_VIOLATION (0xc0000005) at pc=0x00007fff21ecb9d7]

VM state: not at safepoint (not fully initialized)

VM Mutex/Monitor currently owned by a thread:  ([mutex/lock_event])
[0x00000165878680d0] Heap_lock - owner thread: 0x000001658786c760

Heap address: 0x000000070bc00000, size: 3908 MB, Compressed Oops mode: Zero based, Oop shift amount: 3

CDS archive(s) mapped at: [0x0000000000000000-0x0000000000000000-0x0000000000000000), size 0, SharedBaseAddress: 0x0000000800000000, ArchiveRelocationMode: 0.
Narrow klass base: 0x0000000000000000, Narrow klass shift: 0, Narrow klass range: 0x0

GC Precious Log:
<Empty>

Heap:
 garbage-first heap   total 0K, used 0K [0x000000070bc00000, 0x0000000800000000)
  region size 2048K, 0 young (0K), 0 survivors (0K)

[error occurred during error reporting (printing heap information), id 0xc0000005, EXCEPTION_ACCESS_VIOLATION (0xc0000005) at pc=0x00007fff222ae899]

GC Heap History (0 events):
No events

Deoptimization events (0 events):
No events

Classes unloaded (0 events):
No events

Classes redefined (0 events):
No events

Internal exceptions (0 events):
No events

VM Operations (0 events):
No events

Events (1 events):
Event: 0.008 Loaded shared library C:\Users\SANKET\.p2\pool\plugins\org.eclipse.justj.openjdk.hotspot.jre.full.win32.x86_64_17.0.2.v20220201-1208\jre\bin\java.dll


Dynamic libraries:
0x00007ff6dde50000 - 0x00007ff6dde5e000 	C:\Users\SANKET\.p2\pool\plugins\org.eclipse.justj.openjdk.hotspot.jre.full.win32.x86_64_17.0.2.v20220201-1208\jre\bin\javaw.exe
0x00007fff781c0000 - 0x00007fff783c9000 	C:\Windows\SYSTEM32\ntdll.dll
0x00007fff76070000 - 0x00007fff7612d000 	C:\Windows\System32\KERNEL32.DLL
0x00007fff75cd0000 - 0x00007fff76049000 	C:\Windows\System32\KERNELBASE.dll
0x00007fff759a0000 - 0x00007fff75ab1000 	C:\Windows\System32\ucrtbase.dll
0x00007fff4be20000 - 0x00007fff4be38000 	C:\Users\SANKET\.p2\pool\plugins\org.eclipse.justj.openjdk.hotspot.jre.full.win32.x86_64_17.0.2.v20220201-1208\jre\bin\jli.dll
0x00007fff4a730000 - 0x00007fff4a749000 	C:\Users\SANKET\.p2\pool\plugins\org.eclipse.justj.openjdk.hotspot.jre.full.win32.x86_64_17.0.2.v20220201-1208\jre\bin\VCRUNTIME140.dll
0x00007fff761a0000 - 0x00007fff7634c000 	C:\Windows\System32\USER32.dll
0x00007fff6e360000 - 0x00007fff6e605000 	C:\Windows\WinSxS\amd64_microsoft.windows.common-controls_6595b64144ccf1df_6.0.22000.120_none_9d947278b86cc467\COMCTL32.dll
0x00007fff75720000 - 0x00007fff75746000 	C:\Windows\System32\win32u.dll
0x00007fff77430000 - 0x00007fff774d3000 	C:\Windows\System32\msvcrt.dll
0x00007fff76bf0000 - 0x00007fff76c19000 	C:\Windows\System32\GDI32.dll
0x00007fff757c0000 - 0x00007fff758d2000 	C:\Windows\System32\gdi32full.dll
0x00007fff75ac0000 - 0x00007fff75b5d000 	C:\Windows\System32\msvcp_win.dll
0x00007fff76130000 - 0x00007fff76161000 	C:\Windows\System32\IMM32.DLL
0x00007fff714d0000 - 0x00007fff714dc000 	C:\Users\SANKET\.p2\pool\plugins\org.eclipse.justj.openjdk.hotspot.jre.full.win32.x86_64_17.0.2.v20220201-1208\jre\bin\vcruntime140_1.dll
0x00007fff29e70000 - 0x00007fff29f01000 	C:\Users\SANKET\.p2\pool\plugins\org.eclipse.justj.openjdk.hotspot.jre.full.win32.x86_64_17.0.2.v20220201-1208\jre\bin\msvcp140.dll
0x00007fff21be0000 - 0x00007fff22827000 	C:\Users\SANKET\.p2\pool\plugins\org.eclipse.justj.openjdk.hotspot.jre.full.win32.x86_64_17.0.2.v20220201-1208\jre\bin\server\jvm.dll
0x00007fff76e30000 - 0x00007fff76ede000 	C:\Windows\System32\ADVAPI32.dll
0x00007fff76b50000 - 0x00007fff76bee000 	C:\Windows\System32\sechost.dll
0x00007fff767c0000 - 0x00007fff768e0000 	C:\Windows\System32\RPCRT4.dll
0x00007fff76990000 - 0x00007fff76998000 	C:\Windows\System32\PSAPI.DLL
0x00007fff69a30000 - 0x00007fff69a63000 	C:\Windows\SYSTEM32\WINMM.dll
0x00007fff58470000 - 0x00007fff58479000 	C:\Windows\SYSTEM32\WSOCK32.dll
0x00007fff6cf50000 - 0x00007fff6cf5a000 	C:\Windows\SYSTEM32\VERSION.dll
0x00007fff76fc0000 - 0x00007fff7702f000 	C:\Windows\System32\WS2_32.dll
0x00007fff74890000 - 0x00007fff748a8000 	C:\Windows\SYSTEM32\kernel.appcore.dll
0x00007fff715b0000 - 0x00007fff715ba000 	C:\Users\SANKET\.p2\pool\plugins\org.eclipse.justj.openjdk.hotspot.jre.full.win32.x86_64_17.0.2.v20220201-1208\jre\bin\jimage.dll
0x00007fff72c30000 - 0x00007fff72e51000 	C:\Windows\SYSTEM32\DBGHELP.DLL
0x00007fff6bb50000 - 0x00007fff6bb81000 	C:\Windows\SYSTEM32\dbgcore.DLL
0x00007fff756a0000 - 0x00007fff7571f000 	C:\Windows\System32\bcryptPrimitives.dll
0x00007fff6bc90000 - 0x00007fff6bcb5000 	C:\Users\SANKET\.p2\pool\plugins\org.eclipse.justj.openjdk.hotspot.jre.full.win32.x86_64_17.0.2.v20220201-1208\jre\bin\java.dll

dbghelp: loaded successfully - version: 4.0.5 - missing functions: none
symbol engine: initialized successfully - sym options: 0x614 - pdb path: .;C:\Users\SANKET\.p2\pool\plugins\org.eclipse.justj.openjdk.hotspot.jre.full.win32.x86_64_17.0.2.v20220201-1208\jre\bin;C:\Windows\SYSTEM32;C:\Windows\WinSxS\amd64_microsoft.windows.common-controls_6595b64144ccf1df_6.0.22000.120_none_9d947278b86cc467;C:\Users\SANKET\.p2\pool\plugins\org.eclipse.justj.openjdk.hotspot.jre.full.win32.x86_64_17.0.2.v20220201-1208\jre\bin\server

VM Arguments:
jvm_args: -Dfile.encoding=Cp1252 --module-path=D:\JarFiles\mysql-connector-java-8.0.29.jar -XX:+ShowCodeDetailsInExceptionMessages 
java_command: home
java_class_path (initial): D:\Eclipse\Research Analysis Wing\bin
Launcher Type: SUN_STANDARD

[Global flags]
     intx CICompilerCount                          = 12                                        {product} {ergonomic}
     uint ConcGCThreads                            = 3                                         {product} {ergonomic}
     uint G1ConcRefinementThreads                  = 13                                        {product} {ergonomic}
   size_t G1HeapRegionSize                         = 2097152                                   {product} {ergonomic}
    uintx GCDrainStackTargetSize                   = 64                                        {product} {ergonomic}
   size_t InitialHeapSize                          = 257949696                                 {product} {ergonomic}
   size_t MarkStackSize                            = 4194304                                   {product} {ergonomic}
   size_t MaxHeapSize                              = 4097835008                                {product} {ergonomic}
   size_t MinHeapDeltaBytes                        = 2097152                                   {product} {ergonomic}
   size_t MinHeapSize                              = 8388608                                   {product} {ergonomic}
    uintx NonNMethodCodeHeapSize                   = 7602480                                {pd product} {ergonomic}
    uintx NonProfiledCodeHeapSize                  = 122027880                              {pd product} {ergonomic}
    uintx ProfiledCodeHeapSize                     = 122027880                              {pd product} {ergonomic}
    uintx ReservedCodeCacheSize                    = 251658240                              {pd product} {ergonomic}
     bool SegmentedCodeCache                       = true                                      {product} {ergonomic}
     bool ShowCodeDetailsInExceptionMessages       = true                                   {manageable} {command line}
   size_t SoftMaxHeapSize                          = 4097835008                             {manageable} {ergonomic}
     bool UseCompressedClassPointers               = true                           {product lp64_product} {ergonomic}
     bool UseCompressedOops                        = true                           {product lp64_product} {ergonomic}
     bool UseG1GC                                  = true                                      {product} {ergonomic}
     bool UseLargePagesIndividualAllocation        = false                                  {pd product} {ergonomic}

Logging:
Log output configuration:
 #0: stdout all=warning uptime,level,tags
 #1: stderr all=off uptime,level,tags

Environment Variables:
PATH=C:/Users/SANKET/.p2/pool/plugins/org.eclipse.justj.openjdk.hotspot.jre.full.win32.x86_64_17.0.2.v20220201-1208/jre/bin/server;C:/Users/SANKET/.p2/pool/plugins/org.eclipse.justj.openjdk.hotspot.jre.full.win32.x86_64_17.0.2.v20220201-1208/jre/bin;C:\Windows\system32;C:\Windows;C:\Windows\System32\Wbem;C:\Windows\System32\WindowsPowerShell\v1.0\;C:\Windows\System32\OpenSSH\;C:\Program Files (x86)\NVIDIA Corporation\PhysX\Common;C:\Program Files\NVIDIA Corporation\NVIDIA NvDLISR;C:\Users\SANKET\AppData\Local\Programs\Python\Python310\Scripts\;C:\Users\SANKET\AppData\Local\Programs\Python\Python310\;C:\Users\SANKET\AppData\Local\Microsoft\WindowsApps;;C:\Users\SANKET\Desktop;
USERNAME=SANKET
OS=Windows_NT
PROCESSOR_IDENTIFIER=AMD64 Family 25 Model 68 Stepping 1, AuthenticAMD



---------------  S Y S T E M  ---------------

OS:
 Windows 11 , 64 bit Build 22000 (10.0.22000.708)
OS uptime: 2 days 13:38 hours

CPU: total 16 (initial active 16) (16 cores per cpu, 2 threads per core) family 25 model 68 stepping 1 microcode 0x0, cx8, cmov, fxsr, ht, mmx, 3dnowpref, sse, sse2, sse3, ssse3, sse4a, sse4.1, sse4.2, popcnt, lzcnt, tsc, tscinvbit, avx, avx2, aes, clmul, bmi1, bmi2, adx, sha, fma, vzeroupper, clflush, clflushopt

Memory: 4k page, system-wide physical 15629M (906M free)
TotalPageFile size 55276M (AvailPageFile size 99M)
current process WorkingSet (physical memory assigned to process): 10M, peak: 10M
current process commit charge ("private bytes"): 70M, peak: 316M

vm_info: OpenJDK 64-Bit Server VM (17.0.2+8) for windows-amd64 JRE (17.0.2+8), built on Jan 20 2022 04:52:34 by "" with MS VC++ 16.7 (VS2019)

END.
