#
# There is insufficient memory for the Java Runtime Environment to continue.
# Native memory allocation (malloc) failed to allocate 1048576 bytes for AllocateHeap
# Possible reasons:
#   The system is out of physical RAM or swap space
#   The process is running with CompressedOops enabled, and the Java Heap may be blocking the growth of the native heap
# Possible solutions:
#   Reduce memory load on the system
#   Increase physical memory or swap space
#   Check if swap backing store is full
#   Decrease Java heap size (-Xmx/-Xms)
#   Decrease number of Java threads
#   Decrease Java thread stack sizes (-Xss)
#   Set larger code cache with -XX:ReservedCodeCacheSize=
#   JVM is running with Zero Based Compressed Oops mode in which the Java heap is
#     placed in the first 32GB address space. The Java Heap base address is the
#     maximum limit for the native heap growth. Please use -XX:HeapBaseMinAddress
#     to set the Java Heap base and to place the Java Heap above 32GB virtual address.
# This output file may be truncated or incomplete.
#
#  Out of Memory Error (allocation.cpp:44), pid=39016, tid=2208
#
# JRE version:  (17.0.2+8) (build )
# Java VM: OpenJDK 64-Bit Server VM (17.0.2+8, mixed mode, sharing, tiered, compressed oops, compressed class ptrs, g1 gc, windows-amd64)
# No core dump will be written. Minidumps are not enabled by default on client versions of Windows
#

---------------  S U M M A R Y ------------

Command Line: -Dfile.encoding=Cp1252 --module-path=D:\JarFiles\mysql-connector-java-8.0.29.jar -XX:+ShowCodeDetailsInExceptionMessages home

Host: AMD Ryzen 7 6800H with Radeon Graphics         , 16 cores, 15G,  Windows 11 , 64 bit Build 22000 (10.0.22000.708)
Time: Wed Jun 22 16:31:54 2022 India Standard Time elapsed time: 0.014727 seconds (0d 0h 0m 0s)

---------------  T H R E A D  ---------------

Current thread (0x000001c5ba8bdda0):  JavaThread "Unknown thread" [_thread_in_vm, id=2208, stack(0x0000000368100000,0x0000000368200000)]

Stack: [0x0000000368100000,0x0000000368200000]
Native frames: (J=compiled Java code, j=interpreted, Vv=VM code, C=native code)
V  [jvm.dll+0x67564a]
V  [jvm.dll+0x82fc04]
V  [jvm.dll+0x8313ae]
V  [jvm.dll+0x831a13]
V  [jvm.dll+0x245235]
V  [jvm.dll+0xa6393]
V  [jvm.dll+0x2e4027]
V  [jvm.dll+0x2dbe9b]
V  [jvm.dll+0x801881]
V  [jvm.dll+0x368f81]
V  [jvm.dll+0x7e0cdc]
V  [jvm.dll+0x3eb8bf]
V  [jvm.dll+0x3ed441]
C  [jli.dll+0x5277]
C  [ucrtbase.dll+0x26c0c]
C  [KERNEL32.DLL+0x154e0]
C  [ntdll.dll+0x485b]


---------------  P R O C E S S  ---------------

Threads class SMR info:
_java_thread_list=0x00007ffdc5725e98, length=0, elements={
}

Java Threads: ( => current thread )

Other Threads:
  0x000001c5ba90d8c0 GCTaskThread "GC Thread#0" [stack: 0x0000000368200000,0x0000000368300000] [id=40140]

[error occurred during error reporting (printing all threads), id 0xc0000005, EXCEPTION_ACCESS_VIOLATION (0xc0000005) at pc=0x00007ffdc4ef8fb0]

VM state: not at safepoint (not fully initialized)

VM Mutex/Monitor currently owned by a thread:  ([mutex/lock_event])
[0x000001c5ba8bae90] Heap_lock - owner thread: 0x000001c5ba8bdda0

Heap address: 0x000000070bc00000, size: 3908 MB, Compressed Oops mode: Zero based, Oop shift amount: 3

CDS archive(s) mapped at: [0x0000000000000000-0x0000000000000000-0x0000000000000000), size 0, SharedBaseAddress: 0x0000000800000000, ArchiveRelocationMode: 0.
Narrow klass base: 0x0000000000000000, Narrow klass shift: 0, Narrow klass range: 0x0

GC Precious Log:
<Empty>

Heap:
 garbage-first heap   total 0K, used 0K [0x000000070bc00000, 0x0000000800000000)
  region size 2048K, 0 young (0K), 0 survivors (0K)

[error occurred during error reporting (printing heap information), id 0xc0000005, EXCEPTION_ACCESS_VIOLATION (0xc0000005) at pc=0x00007ffdc52de899]

GC Heap History (0 events):
No events

Deoptimization events (0 events):
No events

Classes unloaded (0 events):
No events

Classes redefined (0 events):
No events

Internal exceptions (0 events):
No events

VM Operations (0 events):
No events

Events (1 events):
Event: 0.011 Loaded shared library C:\Users\SANKET\.p2\pool\plugins\org.eclipse.justj.openjdk.hotspot.jre.full.win32.x86_64_17.0.2.v20220201-1208\jre\bin\java.dll


Dynamic libraries:
0x00007ff6c5c40000 - 0x00007ff6c5c4e000 	C:\Users\SANKET\.p2\pool\plugins\org.eclipse.justj.openjdk.hotspot.jre.full.win32.x86_64_17.0.2.v20220201-1208\jre\bin\javaw.exe
0x00007ffe40020000 - 0x00007ffe40229000 	C:\Windows\SYSTEM32\ntdll.dll
0x00007ffe3ef80000 - 0x00007ffe3f03d000 	C:\Windows\System32\KERNEL32.DLL
0x00007ffe3d500000 - 0x00007ffe3d879000 	C:\Windows\System32\KERNELBASE.dll
0x00007ffe3d9f0000 - 0x00007ffe3db01000 	C:\Windows\System32\ucrtbase.dll
0x00007ffe12b00000 - 0x00007ffe12b18000 	C:\Users\SANKET\.p2\pool\plugins\org.eclipse.justj.openjdk.hotspot.jre.full.win32.x86_64_17.0.2.v20220201-1208\jre\bin\jli.dll
0x00007ffe12ae0000 - 0x00007ffe12af9000 	C:\Users\SANKET\.p2\pool\plugins\org.eclipse.justj.openjdk.hotspot.jre.full.win32.x86_64_17.0.2.v20220201-1208\jre\bin\VCRUNTIME140.dll
0x00007ffe3f550000 - 0x00007ffe3f6fc000 	C:\Windows\System32\USER32.dll
0x00007ffe3d940000 - 0x00007ffe3d966000 	C:\Windows\System32\win32u.dll
0x00007ffe36390000 - 0x00007ffe36635000 	C:\Windows\WinSxS\amd64_microsoft.windows.common-controls_6595b64144ccf1df_6.0.22000.120_none_9d947278b86cc467\COMCTL32.dll
0x00007ffe3ef50000 - 0x00007ffe3ef79000 	C:\Windows\System32\GDI32.dll
0x00007ffe3f800000 - 0x00007ffe3f8a3000 	C:\Windows\System32\msvcrt.dll
0x00007ffe3dd90000 - 0x00007ffe3dea2000 	C:\Windows\System32\gdi32full.dll
0x00007ffe3dc80000 - 0x00007ffe3dd1d000 	C:\Windows\System32\msvcp_win.dll
0x00007ffe3ec30000 - 0x00007ffe3ec61000 	C:\Windows\System32\IMM32.DLL
0x00007ffe2b320000 - 0x00007ffe2b32c000 	C:\Users\SANKET\.p2\pool\plugins\org.eclipse.justj.openjdk.hotspot.jre.full.win32.x86_64_17.0.2.v20220201-1208\jre\bin\vcruntime140_1.dll
0x00007ffdfc5f0000 - 0x00007ffdfc681000 	C:\Users\SANKET\.p2\pool\plugins\org.eclipse.justj.openjdk.hotspot.jre.full.win32.x86_64_17.0.2.v20220201-1208\jre\bin\msvcp140.dll
0x00007ffdc4c10000 - 0x00007ffdc5857000 	C:\Users\SANKET\.p2\pool\plugins\org.eclipse.justj.openjdk.hotspot.jre.full.win32.x86_64_17.0.2.v20220201-1208\jre\bin\server\jvm.dll
0x00007ffe3eea0000 - 0x00007ffe3ef4e000 	C:\Windows\System32\ADVAPI32.dll
0x00007ffe3f4b0000 - 0x00007ffe3f54e000 	C:\Windows\System32\sechost.dll
0x00007ffe3deb0000 - 0x00007ffe3dfd0000 	C:\Windows\System32\RPCRT4.dll
0x00007ffe3f280000 - 0x00007ffe3f288000 	C:\Windows\System32\PSAPI.DLL
0x00007ffe34250000 - 0x00007ffe3425a000 	C:\Windows\SYSTEM32\VERSION.dll
0x00007ffe1cda0000 - 0x00007ffe1cda9000 	C:\Windows\SYSTEM32\WSOCK32.dll
0x00007ffe315c0000 - 0x00007ffe315f3000 	C:\Windows\SYSTEM32\WINMM.dll
0x00007ffe3f2a0000 - 0x00007ffe3f30f000 	C:\Windows\System32\WS2_32.dll
0x00007ffe3c6f0000 - 0x00007ffe3c708000 	C:\Windows\SYSTEM32\kernel.appcore.dll
0x00007ffe00470000 - 0x00007ffe0047a000 	C:\Users\SANKET\.p2\pool\plugins\org.eclipse.justj.openjdk.hotspot.jre.full.win32.x86_64_17.0.2.v20220201-1208\jre\bin\jimage.dll
0x00007ffe3aae0000 - 0x00007ffe3ad01000 	C:\Windows\SYSTEM32\DBGHELP.DLL
0x00007ffe34210000 - 0x00007ffe34241000 	C:\Windows\SYSTEM32\dbgcore.DLL
0x00007ffe3d970000 - 0x00007ffe3d9ef000 	C:\Windows\System32\bcryptPrimitives.dll
0x00007ffdd8e10000 - 0x00007ffdd8e35000 	C:\Users\SANKET\.p2\pool\plugins\org.eclipse.justj.openjdk.hotspot.jre.full.win32.x86_64_17.0.2.v20220201-1208\jre\bin\java.dll

dbghelp: loaded successfully - version: 4.0.5 - missing functions: none
symbol engine: initialized successfully - sym options: 0x614 - pdb path: .;C:\Users\SANKET\.p2\pool\plugins\org.eclipse.justj.openjdk.hotspot.jre.full.win32.x86_64_17.0.2.v20220201-1208\jre\bin;C:\Windows\SYSTEM32;C:\Windows\WinSxS\amd64_microsoft.windows.common-controls_6595b64144ccf1df_6.0.22000.120_none_9d947278b86cc467;C:\Users\SANKET\.p2\pool\plugins\org.eclipse.justj.openjdk.hotspot.jre.full.win32.x86_64_17.0.2.v20220201-1208\jre\bin\server

VM Arguments:
jvm_args: -Dfile.encoding=Cp1252 --module-path=D:\JarFiles\mysql-connector-java-8.0.29.jar -XX:+ShowCodeDetailsInExceptionMessages 
java_command: home
java_class_path (initial): D:\Eclipse\Research Analysis Wing\bin
Launcher Type: SUN_STANDARD

[Global flags]
     intx CICompilerCount                          = 12                                        {product} {ergonomic}
     uint ConcGCThreads                            = 3                                         {product} {ergonomic}
     uint G1ConcRefinementThreads                  = 13                                        {product} {ergonomic}
   size_t G1HeapRegionSize                         = 2097152                                   {product} {ergonomic}
    uintx GCDrainStackTargetSize                   = 64                                        {product} {ergonomic}
   size_t InitialHeapSize                          = 257949696                                 {product} {ergonomic}
   size_t MarkStackSize                            = 4194304                                   {product} {ergonomic}
   size_t MaxHeapSize                              = 4097835008                                {product} {ergonomic}
   size_t MinHeapDeltaBytes                        = 2097152                                   {product} {ergonomic}
   size_t MinHeapSize                              = 8388608                                   {product} {ergonomic}
    uintx NonNMethodCodeHeapSize                   = 7602480                                {pd product} {ergonomic}
    uintx NonProfiledCodeHeapSize                  = 122027880                              {pd product} {ergonomic}
    uintx ProfiledCodeHeapSize                     = 122027880                              {pd product} {ergonomic}
    uintx ReservedCodeCacheSize                    = 251658240                              {pd product} {ergonomic}
     bool SegmentedCodeCache                       = true                                      {product} {ergonomic}
     bool ShowCodeDetailsInExceptionMessages       = true                                   {manageable} {command line}
   size_t SoftMaxHeapSize                          = 4097835008                             {manageable} {ergonomic}
     bool UseCompressedClassPointers               = true                           {product lp64_product} {ergonomic}
     bool UseCompressedOops                        = true                           {product lp64_product} {ergonomic}
     bool UseG1GC                                  = true                                      {product} {ergonomic}
     bool UseLargePagesIndividualAllocation        = false                                  {pd product} {ergonomic}

Logging:
Log output configuration:
 #0: stdout all=warning uptime,level,tags
 #1: stderr all=off uptime,level,tags

Environment Variables:
PATH=C:/Users/SANKET/.p2/pool/plugins/org.eclipse.justj.openjdk.hotspot.jre.full.win32.x86_64_17.0.2.v20220201-1208/jre/bin/server;C:/Users/SANKET/.p2/pool/plugins/org.eclipse.justj.openjdk.hotspot.jre.full.win32.x86_64_17.0.2.v20220201-1208/jre/bin;C:\Windows\system32;C:\Windows;C:\Windows\System32\Wbem;C:\Windows\System32\WindowsPowerShell\v1.0\;C:\Windows\System32\OpenSSH\;C:\Program Files (x86)\NVIDIA Corporation\PhysX\Common;C:\Program Files\NVIDIA Corporation\NVIDIA NvDLISR;C:\Users\SANKET\AppData\Local\Programs\Python\Python310\Scripts\;C:\Users\SANKET\AppData\Local\Programs\Python\Python310\;C:\Users\SANKET\AppData\Local\Microsoft\WindowsApps;;C:\Users\SANKET\Desktop;
USERNAME=SANKET
OS=Windows_NT
PROCESSOR_IDENTIFIER=AMD64 Family 25 Model 68 Stepping 1, AuthenticAMD



---------------  S Y S T E M  ---------------

OS:
 Windows 11 , 64 bit Build 22000 (10.0.22000.708)
OS uptime: 0 days 2:30 hours

CPU: total 16 (initial active 16) (16 cores per cpu, 2 threads per core) family 25 model 68 stepping 1 microcode 0x0, cx8, cmov, fxsr, ht, mmx, 3dnowpref, sse, sse2, sse3, ssse3, sse4a, sse4.1, sse4.2, popcnt, lzcnt, tsc, tscinvbit, avx, avx2, aes, clmul, bmi1, bmi2, adx, sha, fma, vzeroupper, clflush, clflushopt

Memory: 4k page, system-wide physical 15629M (1290M free)
TotalPageFile size 55276M (AvailPageFile size 5M)
current process WorkingSet (physical memory assigned to process): 10M, peak: 10M
current process commit charge ("private bytes"): 58M, peak: 59M

vm_info: OpenJDK 64-Bit Server VM (17.0.2+8) for windows-amd64 JRE (17.0.2+8), built on Jan 20 2022 04:52:34 by "" with MS VC++ 16.7 (VS2019)

END.
