#
# There is insufficient memory for the Java Runtime Environment to continue.
# Native memory allocation (mmap) failed to map 65536 bytes for Failed to commit metaspace.
# Possible reasons:
#   The system is out of physical RAM or swap space
#   The process is running with CompressedOops enabled, and the Java Heap may be blocking the growth of the native heap
# Possible solutions:
#   Reduce memory load on the system
#   Increase physical memory or swap space
#   Check if swap backing store is full
#   Decrease Java heap size (-Xmx/-Xms)
#   Decrease number of Java threads
#   Decrease Java thread stack sizes (-Xss)
#   Set larger code cache with -XX:ReservedCodeCacheSize=
#   JVM is running with Zero Based Compressed Oops mode in which the Java heap is
#     placed in the first 32GB address space. The Java Heap base address is the
#     maximum limit for the native heap growth. Please use -XX:HeapBaseMinAddress
#     to set the Java Heap base and to place the Java Heap above 32GB virtual address.
# This output file may be truncated or incomplete.
#
#  Out of Memory Error (virtualSpaceNode.cpp:110), pid=11288, tid=5148
#
# JRE version: OpenJDK Runtime Environment Temurin-17.0.2+8 (17.0.2+8) (build 17.0.2+8)
# Java VM: OpenJDK 64-Bit Server VM Temurin-17.0.2+8 (17.0.2+8, mixed mode, tiered, compressed oops, compressed class ptrs, g1 gc, windows-amd64)
# No core dump will be written. Minidumps are not enabled by default on client versions of Windows
#

---------------  S U M M A R Y ------------

Command Line: -Dfile.encoding=Cp1252 --module-path=D:\JarFiles\mysql-connector-java-8.0.29.jar -XX:+ShowCodeDetailsInExceptionMessages home

Host: AMD Ryzen 7 6800H with Radeon Graphics         , 16 cores, 15G,  Windows 11 , 64 bit Build 22000 (10.0.22000.708)
Time: Wed Jun 22 13:42:07 2022 India Standard Time elapsed time: 0.511466 seconds (0d 0h 0m 0s)

---------------  T H R E A D  ---------------

Current thread (0x00000262225160e0):  JavaThread "AWT-EventQueue-0" [_thread_in_vm, id=5148, stack(0x000000e0cef00000,0x000000e0cf000000)]

Stack: [0x000000e0cef00000,0x000000e0cf000000]
Native frames: (J=compiled Java code, j=interpreted, Vv=VM code, C=native code)
V  [jvm.dll+0x67564a]
V  [jvm.dll+0x82fc04]
V  [jvm.dll+0x8313ae]
V  [jvm.dll+0x831a13]
V  [jvm.dll+0x245235]
V  [jvm.dll+0x82bbab]
V  [jvm.dll+0x61a336]
V  [jvm.dll+0x1c016e]
V  [jvm.dll+0x61cc81]
V  [jvm.dll+0x61acd6]
V  [jvm.dll+0x36b092]
V  [jvm.dll+0x1e1b4b]
V  [jvm.dll+0x53b709]
V  [jvm.dll+0x1f0ab7]
V  [jvm.dll+0x7aa1bb]
V  [jvm.dll+0x7ab562]
V  [jvm.dll+0x7ab898]
V  [jvm.dll+0x23d51e]
V  [jvm.dll+0x37e8ce]
C  0x0000026205d4b817

Java frames: (J=compiled Java code, j=interpreted, Vv=VM code)
j  sun.awt.im.CompositionAreaHandler.<clinit>()V+23 java.desktop@17.0.2
v  ~StubRoutines::call_stub
j  sun.awt.im.InputMethodContext.grabCompositionArea(Z)V+25 java.desktop@17.0.2
j  sun.awt.im.InputContext.activateInputMethod(Z)V+273 java.desktop@17.0.2
j  sun.awt.im.InputContext.focusGained(Ljava/awt/Component;)V+137 java.desktop@17.0.2
j  sun.awt.im.InputContext.dispatchEvent(Ljava/awt/AWTEvent;)V+100 java.desktop@17.0.2
j  sun.awt.im.InputMethodContext.dispatchEvent(Ljava/awt/AWTEvent;)V+58 java.desktop@17.0.2
j  java.awt.Component.dispatchEventImpl(Ljava/awt/AWTEvent;)V+308 java.desktop@17.0.2
j  java.awt.Container.dispatchEventImpl(Ljava/awt/AWTEvent;)V+42 java.desktop@17.0.2
j  java.awt.Component.dispatchEvent(Ljava/awt/AWTEvent;)V+2 java.desktop@17.0.2
j  java.awt.KeyboardFocusManager.redispatchEvent(Ljava/awt/Component;Ljava/awt/AWTEvent;)V+7 java.desktop@17.0.2
j  java.awt.DefaultKeyboardFocusManager.typeAheadAssertions(Ljava/awt/Component;Ljava/awt/AWTEvent;)Z+339 java.desktop@17.0.2
j  java.awt.DefaultKeyboardFocusManager.dispatchEvent(Ljava/awt/AWTEvent;)Z+1062 java.desktop@17.0.2
j  java.awt.Component.dispatchEventImpl(Ljava/awt/AWTEvent;)V+131 java.desktop@17.0.2
j  java.awt.Container.dispatchEventImpl(Ljava/awt/AWTEvent;)V+42 java.desktop@17.0.2
j  java.awt.Component.dispatchEvent(Ljava/awt/AWTEvent;)V+2 java.desktop@17.0.2
j  java.awt.EventQueue.dispatchEventImpl(Ljava/awt/AWTEvent;Ljava/lang/Object;)V+41 java.desktop@17.0.2
j  java.awt.EventQueue$4.run()Ljava/lang/Void;+32 java.desktop@17.0.2
j  java.awt.EventQueue$4.run()Ljava/lang/Object;+1 java.desktop@17.0.2
J 807 c1 java.security.AccessController.executePrivileged(Ljava/security/PrivilegedAction;Ljava/security/AccessControlContext;Ljava/lang/Class;)Ljava/lang/Object; java.base@17.0.2 (65 bytes) @ 0x00000262065b18bc [0x00000262065b1760+0x000000000000015c]
j  java.security.AccessController.doPrivileged(Ljava/security/PrivilegedAction;Ljava/security/AccessControlContext;)Ljava/lang/Object;+13 java.base@17.0.2
j  java.security.ProtectionDomain$JavaSecurityAccessImpl.doIntersectionPrivilege(Ljava/security/PrivilegedAction;Ljava/security/AccessControlContext;Ljava/security/AccessControlContext;)Ljava/lang/Object;+18 java.base@17.0.2
j  java.security.ProtectionDomain$JavaSecurityAccessImpl.doIntersectionPrivilege(Ljava/security/PrivilegedAction;Ljava/security/AccessControlContext;)Ljava/lang/Object;+6 java.base@17.0.2
j  java.awt.EventQueue$5.run()Ljava/lang/Void;+11 java.desktop@17.0.2
j  java.awt.EventQueue$5.run()Ljava/lang/Object;+1 java.desktop@17.0.2
J 807 c1 java.security.AccessController.executePrivileged(Ljava/security/PrivilegedAction;Ljava/security/AccessControlContext;Ljava/lang/Class;)Ljava/lang/Object; java.base@17.0.2 (65 bytes) @ 0x00000262065b18bc [0x00000262065b1760+0x000000000000015c]
j  java.security.AccessController.doPrivileged(Ljava/security/PrivilegedAction;Ljava/security/AccessControlContext;)Ljava/lang/Object;+13 java.base@17.0.2
j  java.security.ProtectionDomain$JavaSecurityAccessImpl.doIntersectionPrivilege(Ljava/security/PrivilegedAction;Ljava/security/AccessControlContext;Ljava/security/AccessControlContext;)Ljava/lang/Object;+18 java.base@17.0.2
j  java.awt.EventQueue.dispatchEvent(Ljava/awt/AWTEvent;)V+73 java.desktop@17.0.2
j  java.awt.EventDispatchThread.pumpOneEventForFilters(I)V+78 java.desktop@17.0.2
j  java.awt.EventDispatchThread.pumpEventsForFilter(ILjava/awt/Conditional;Ljava/awt/EventFilter;)V+35 java.desktop@17.0.2
j  java.awt.EventDispatchThread.pumpEventsForHierarchy(ILjava/awt/Conditional;Ljava/awt/Component;)V+11 java.desktop@17.0.2
j  java.awt.EventDispatchThread.pumpEvents(ILjava/awt/Conditional;)V+4 java.desktop@17.0.2
j  java.awt.EventDispatchThread.pumpEvents(Ljava/awt/Conditional;)V+3 java.desktop@17.0.2
j  java.awt.EventDispatchThread.run()V+9 java.desktop@17.0.2
v  ~StubRoutines::call_stub

---------------  P R O C E S S  ---------------

Threads class SMR info:
_java_thread_list=0x000002622a76a360, length=21, elements={
0x0000026222018240, 0x0000026222019650, 0x000002622203b150, 0x000002622203cb10,
0x000002622203dc60, 0x000002622203e610, 0x0000026222069eb0, 0x00000262220964e0,
0x00000262220996c0, 0x0000026221661c70, 0x00000262221fe4c0, 0x0000026222323fe0,
0x0000026222328500, 0x00000262223b9890, 0x00000262224fd6b0, 0x00000262226d2f00,
0x00000262226d5e90, 0x00000262226db440, 0x00000262225160e0, 0x000002620266eaa0,
0x0000026222269550
}

Java Threads: ( => current thread )
  0x0000026222018240 JavaThread "Reference Handler" daemon [_thread_blocked, id=4464, stack(0x000000e0ce100000,0x000000e0ce200000)]
  0x0000026222019650 JavaThread "Finalizer" daemon [_thread_blocked, id=40588, stack(0x000000e0ce200000,0x000000e0ce300000)]
  0x000002622203b150 JavaThread "Signal Dispatcher" daemon [_thread_blocked, id=20880, stack(0x000000e0ce300000,0x000000e0ce400000)]
  0x000002622203cb10 JavaThread "Attach Listener" daemon [_thread_blocked, id=40004, stack(0x000000e0ce400000,0x000000e0ce500000)]
  0x000002622203dc60 JavaThread "Service Thread" daemon [_thread_blocked, id=7224, stack(0x000000e0ce500000,0x000000e0ce600000)]
  0x000002622203e610 JavaThread "Monitor Deflation Thread" daemon [_thread_blocked, id=3344, stack(0x000000e0ce600000,0x000000e0ce700000)]
  0x0000026222069eb0 JavaThread "C2 CompilerThread0" daemon [_thread_blocked, id=1156, stack(0x000000e0ce700000,0x000000e0ce800000)]
  0x00000262220964e0 JavaThread "C1 CompilerThread0" daemon [_thread_blocked, id=40916, stack(0x000000e0ce800000,0x000000e0ce900000)]
  0x00000262220996c0 JavaThread "Sweeper thread" daemon [_thread_blocked, id=40432, stack(0x000000e0ce900000,0x000000e0cea00000)]
  0x0000026221661c70 JavaThread "Common-Cleaner" daemon [_thread_blocked, id=40928, stack(0x000000e0cea00000,0x000000e0ceb00000)]
  0x00000262221fe4c0 JavaThread "C1 CompilerThread1" daemon [_thread_blocked, id=36020, stack(0x000000e0ceb00000,0x000000e0cec00000)]
  0x0000026222323fe0 JavaThread "C1 CompilerThread2" daemon [_thread_blocked, id=27396, stack(0x000000e0cec00000,0x000000e0ced00000)]
  0x0000026222328500 JavaThread "C1 CompilerThread3" daemon [_thread_blocked, id=39992, stack(0x000000e0ced00000,0x000000e0cee00000)]
  0x00000262223b9890 JavaThread "C2 CompilerThread1" daemon [_thread_blocked, id=38984, stack(0x000000e0cee00000,0x000000e0cef00000)]
  0x00000262224fd6b0 JavaThread "Notification Thread" daemon [_thread_blocked, id=40452, stack(0x000000e0cf000000,0x000000e0cf100000)]
  0x00000262226d2f00 JavaThread "Java2D Disposer" daemon [_thread_blocked, id=40628, stack(0x000000e0cf200000,0x000000e0cf300000)]
  0x00000262226d5e90 JavaThread "AWT-Shutdown" [_thread_blocked, id=40528, stack(0x000000e0cf300000,0x000000e0cf400000)]
  0x00000262226db440 JavaThread "AWT-Windows" daemon [_thread_in_native, id=40932, stack(0x000000e0cf400000,0x000000e0cf500000)]
=>0x00000262225160e0 JavaThread "AWT-EventQueue-0" [_thread_in_vm, id=5148, stack(0x000000e0cef00000,0x000000e0cf000000)]
  0x000002620266eaa0 JavaThread "DestroyJavaVM" [_thread_blocked, id=39452, stack(0x000000e0cda00000,0x000000e0cdb00000)]
  0x0000026222269550 JavaThread "D3D Screen Updater" daemon [_thread_blocked, id=40696, stack(0x000000e0d0500000,0x000000e0d0600000)]

Other Threads:
  0x000002622167c280 VMThread "VM Thread" [stack: 0x000000e0ce000000,0x000000e0ce100000] [id=40488]
  0x000002620266f720 WatcherThread [stack: 0x000000e0cf100000,0x000000e0cf200000] [id=39972]
  0x00000262026bd2b0 GCTaskThread "GC Thread#0" [stack: 0x000000e0cdb00000,0x000000e0cdc00000] [id=39312]
  0x00000262026cedf0 ConcurrentGCThread "G1 Main Marker" [stack: 0x000000e0cdc00000,0x000000e0cdd00000] [id=18244]
  0x00000262026cf800 ConcurrentGCThread "G1 Conc#0" [stack: 0x000000e0cdd00000,0x000000e0cde00000] [id=38244]
  0x00000262215334e0 ConcurrentGCThread "G1 Refine#0" [stack: 0x000000e0cde00000,0x000000e0cdf00000] [id=26428]
  0x0000026221533e00 ConcurrentGCThread "G1 Service" [stack: 0x000000e0cdf00000,0x000000e0ce000000] [id=40544]

Threads with active compile tasks:

VM state: not at safepoint (normal execution)

VM Mutex/Monitor currently owned by a thread:  ([mutex/lock_event])
[0x000002620040b7b0] Metaspace_lock - owner thread: 0x00000262225160e0

Heap address: 0x000000070bc00000, size: 3908 MB, Compressed Oops mode: Zero based, Oop shift amount: 3

CDS archive(s) not mapped
Compressed class space mapped at: 0x0000000800000000-0x0000000840000000, reserved size: 1073741824
Narrow klass base: 0x0000000800000000, Narrow klass shift: 0, Narrow klass range: 0x40000000

GC Precious Log:
 CPUs: 16 total, 16 available
 Memory: 15629M
 Large Page Support: Disabled
 NUMA Support: Disabled
 Compressed Oops: Enabled (Zero based)
 Heap Region Size: 2M
 Heap Min Capacity: 8M
 Heap Initial Capacity: 246M
 Heap Max Capacity: 3908M
 Pre-touch: Disabled
 Parallel Workers: 13
 Concurrent Workers: 3
 Concurrent Refinement Workers: 13
 Periodic GC: Disabled

Heap:
 garbage-first heap   total 251904K, used 16384K [0x000000070bc00000, 0x0000000800000000)
  region size 2048K, 5 young (10240K), 0 survivors (0K)
 Metaspace       used 13726K, committed 13888K, reserved 1064960K
  class space    used 1388K, committed 1472K, reserved 1048576K

Heap Regions: E=young(eden), S=young(survivor), O=old, HS=humongous(starts), HC=humongous(continues), CS=collection set, F=free, OA=open archive, CA=closed archive, TAMS=top-at-mark-start (previous, next)
|   0|0x000000070bc00000, 0x000000070be00000, 0x000000070be00000|100%|HS|  |TAMS 0x000000070bc00000, 0x000000070bc00000| Complete 
|   1|0x000000070be00000, 0x000000070c000000, 0x000000070c000000|100%|HC|  |TAMS 0x000000070be00000, 0x000000070be00000| Complete 
|   2|0x000000070c000000, 0x000000070c200000, 0x000000070c200000|100%|HC|  |TAMS 0x000000070c000000, 0x000000070c000000| Complete 
|   3|0x000000070c200000, 0x000000070c400000, 0x000000070c400000|100%|HC|  |TAMS 0x000000070c200000, 0x000000070c200000| Complete 
|   4|0x000000070c400000, 0x000000070c400000, 0x000000070c600000|  0%| F|  |TAMS 0x000000070c400000, 0x000000070c400000| Untracked 
|   5|0x000000070c600000, 0x000000070c600000, 0x000000070c800000|  0%| F|  |TAMS 0x000000070c600000, 0x000000070c600000| Untracked 
|   6|0x000000070c800000, 0x000000070c800000, 0x000000070ca00000|  0%| F|  |TAMS 0x000000070c800000, 0x000000070c800000| Untracked 
|   7|0x000000070ca00000, 0x000000070ca00000, 0x000000070cc00000|  0%| F|  |TAMS 0x000000070ca00000, 0x000000070ca00000| Untracked 
|   8|0x000000070cc00000, 0x000000070cc00000, 0x000000070ce00000|  0%| F|  |TAMS 0x000000070cc00000, 0x000000070cc00000| Untracked 
|   9|0x000000070ce00000, 0x000000070ce00000, 0x000000070d000000|  0%| F|  |TAMS 0x000000070ce00000, 0x000000070ce00000| Untracked 
|  10|0x000000070d000000, 0x000000070d000000, 0x000000070d200000|  0%| F|  |TAMS 0x000000070d000000, 0x000000070d000000| Untracked 
|  11|0x000000070d200000, 0x000000070d200000, 0x000000070d400000|  0%| F|  |TAMS 0x000000070d200000, 0x000000070d200000| Untracked 
|  12|0x000000070d400000, 0x000000070d400000, 0x000000070d600000|  0%| F|  |TAMS 0x000000070d400000, 0x000000070d400000| Untracked 
|  13|0x000000070d600000, 0x000000070d600000, 0x000000070d800000|  0%| F|  |TAMS 0x000000070d600000, 0x000000070d600000| Untracked 
|  14|0x000000070d800000, 0x000000070d800000, 0x000000070da00000|  0%| F|  |TAMS 0x000000070d800000, 0x000000070d800000| Untracked 
|  15|0x000000070da00000, 0x000000070da00000, 0x000000070dc00000|  0%| F|  |TAMS 0x000000070da00000, 0x000000070da00000| Untracked 
|  16|0x000000070dc00000, 0x000000070dc00000, 0x000000070de00000|  0%| F|  |TAMS 0x000000070dc00000, 0x000000070dc00000| Untracked 
|  17|0x000000070de00000, 0x000000070de00000, 0x000000070e000000|  0%| F|  |TAMS 0x000000070de00000, 0x000000070de00000| Untracked 
|  18|0x000000070e000000, 0x000000070e000000, 0x000000070e200000|  0%| F|  |TAMS 0x000000070e000000, 0x000000070e000000| Untracked 
|  19|0x000000070e200000, 0x000000070e200000, 0x000000070e400000|  0%| F|  |TAMS 0x000000070e200000, 0x000000070e200000| Untracked 
|  20|0x000000070e400000, 0x000000070e400000, 0x000000070e600000|  0%| F|  |TAMS 0x000000070e400000, 0x000000070e400000| Untracked 
|  21|0x000000070e600000, 0x000000070e600000, 0x000000070e800000|  0%| F|  |TAMS 0x000000070e600000, 0x000000070e600000| Untracked 
|  22|0x000000070e800000, 0x000000070e800000, 0x000000070ea00000|  0%| F|  |TAMS 0x000000070e800000, 0x000000070e800000| Untracked 
|  23|0x000000070ea00000, 0x000000070ea00000, 0x000000070ec00000|  0%| F|  |TAMS 0x000000070ea00000, 0x000000070ea00000| Untracked 
|  24|0x000000070ec00000, 0x000000070ec00000, 0x000000070ee00000|  0%| F|  |TAMS 0x000000070ec00000, 0x000000070ec00000| Untracked 
|  25|0x000000070ee00000, 0x000000070ee00000, 0x000000070f000000|  0%| F|  |TAMS 0x000000070ee00000, 0x000000070ee00000| Untracked 
|  26|0x000000070f000000, 0x000000070f000000, 0x000000070f200000|  0%| F|  |TAMS 0x000000070f000000, 0x000000070f000000| Untracked 
|  27|0x000000070f200000, 0x000000070f200000, 0x000000070f400000|  0%| F|  |TAMS 0x000000070f200000, 0x000000070f200000| Untracked 
|  28|0x000000070f400000, 0x000000070f400000, 0x000000070f600000|  0%| F|  |TAMS 0x000000070f400000, 0x000000070f400000| Untracked 
|  29|0x000000070f600000, 0x000000070f600000, 0x000000070f800000|  0%| F|  |TAMS 0x000000070f600000, 0x000000070f600000| Untracked 
|  30|0x000000070f800000, 0x000000070f800000, 0x000000070fa00000|  0%| F|  |TAMS 0x000000070f800000, 0x000000070f800000| Untracked 
|  31|0x000000070fa00000, 0x000000070fa00000, 0x000000070fc00000|  0%| F|  |TAMS 0x000000070fa00000, 0x000000070fa00000| Untracked 
|  32|0x000000070fc00000, 0x000000070fc00000, 0x000000070fe00000|  0%| F|  |TAMS 0x000000070fc00000, 0x000000070fc00000| Untracked 
|  33|0x000000070fe00000, 0x000000070fe00000, 0x0000000710000000|  0%| F|  |TAMS 0x000000070fe00000, 0x000000070fe00000| Untracked 
|  34|0x0000000710000000, 0x0000000710000000, 0x0000000710200000|  0%| F|  |TAMS 0x0000000710000000, 0x0000000710000000| Untracked 
|  35|0x0000000710200000, 0x0000000710200000, 0x0000000710400000|  0%| F|  |TAMS 0x0000000710200000, 0x0000000710200000| Untracked 
|  36|0x0000000710400000, 0x0000000710400000, 0x0000000710600000|  0%| F|  |TAMS 0x0000000710400000, 0x0000000710400000| Untracked 
|  37|0x0000000710600000, 0x0000000710600000, 0x0000000710800000|  0%| F|  |TAMS 0x0000000710600000, 0x0000000710600000| Untracked 
|  38|0x0000000710800000, 0x0000000710800000, 0x0000000710a00000|  0%| F|  |TAMS 0x0000000710800000, 0x0000000710800000| Untracked 
|  39|0x0000000710a00000, 0x0000000710a00000, 0x0000000710c00000|  0%| F|  |TAMS 0x0000000710a00000, 0x0000000710a00000| Untracked 
|  40|0x0000000710c00000, 0x0000000710c00000, 0x0000000710e00000|  0%| F|  |TAMS 0x0000000710c00000, 0x0000000710c00000| Untracked 
|  41|0x0000000710e00000, 0x0000000710e00000, 0x0000000711000000|  0%| F|  |TAMS 0x0000000710e00000, 0x0000000710e00000| Untracked 
|  42|0x0000000711000000, 0x0000000711000000, 0x0000000711200000|  0%| F|  |TAMS 0x0000000711000000, 0x0000000711000000| Untracked 
|  43|0x0000000711200000, 0x0000000711200000, 0x0000000711400000|  0%| F|  |TAMS 0x0000000711200000, 0x0000000711200000| Untracked 
|  44|0x0000000711400000, 0x0000000711400000, 0x0000000711600000|  0%| F|  |TAMS 0x0000000711400000, 0x0000000711400000| Untracked 
|  45|0x0000000711600000, 0x0000000711600000, 0x0000000711800000|  0%| F|  |TAMS 0x0000000711600000, 0x0000000711600000| Untracked 
|  46|0x0000000711800000, 0x0000000711800000, 0x0000000711a00000|  0%| F|  |TAMS 0x0000000711800000, 0x0000000711800000| Untracked 
|  47|0x0000000711a00000, 0x0000000711a00000, 0x0000000711c00000|  0%| F|  |TAMS 0x0000000711a00000, 0x0000000711a00000| Untracked 
|  48|0x0000000711c00000, 0x0000000711c00000, 0x0000000711e00000|  0%| F|  |TAMS 0x0000000711c00000, 0x0000000711c00000| Untracked 
|  49|0x0000000711e00000, 0x0000000711e00000, 0x0000000712000000|  0%| F|  |TAMS 0x0000000711e00000, 0x0000000711e00000| Untracked 
|  50|0x0000000712000000, 0x0000000712000000, 0x0000000712200000|  0%| F|  |TAMS 0x0000000712000000, 0x0000000712000000| Untracked 
|  51|0x0000000712200000, 0x0000000712200000, 0x0000000712400000|  0%| F|  |TAMS 0x0000000712200000, 0x0000000712200000| Untracked 
|  52|0x0000000712400000, 0x0000000712400000, 0x0000000712600000|  0%| F|  |TAMS 0x0000000712400000, 0x0000000712400000| Untracked 
|  53|0x0000000712600000, 0x0000000712600000, 0x0000000712800000|  0%| F|  |TAMS 0x0000000712600000, 0x0000000712600000| Untracked 
|  54|0x0000000712800000, 0x0000000712800000, 0x0000000712a00000|  0%| F|  |TAMS 0x0000000712800000, 0x0000000712800000| Untracked 
|  55|0x0000000712a00000, 0x0000000712a00000, 0x0000000712c00000|  0%| F|  |TAMS 0x0000000712a00000, 0x0000000712a00000| Untracked 
|  56|0x0000000712c00000, 0x0000000712c00000, 0x0000000712e00000|  0%| F|  |TAMS 0x0000000712c00000, 0x0000000712c00000| Untracked 
|  57|0x0000000712e00000, 0x0000000712e00000, 0x0000000713000000|  0%| F|  |TAMS 0x0000000712e00000, 0x0000000712e00000| Untracked 
|  58|0x0000000713000000, 0x0000000713000000, 0x0000000713200000|  0%| F|  |TAMS 0x0000000713000000, 0x0000000713000000| Untracked 
|  59|0x0000000713200000, 0x0000000713200000, 0x0000000713400000|  0%| F|  |TAMS 0x0000000713200000, 0x0000000713200000| Untracked 
|  60|0x0000000713400000, 0x0000000713400000, 0x0000000713600000|  0%| F|  |TAMS 0x0000000713400000, 0x0000000713400000| Untracked 
|  61|0x0000000713600000, 0x0000000713600000, 0x0000000713800000|  0%| F|  |TAMS 0x0000000713600000, 0x0000000713600000| Untracked 
|  62|0x0000000713800000, 0x0000000713800000, 0x0000000713a00000|  0%| F|  |TAMS 0x0000000713800000, 0x0000000713800000| Untracked 
|  63|0x0000000713a00000, 0x0000000713a00000, 0x0000000713c00000|  0%| F|  |TAMS 0x0000000713a00000, 0x0000000713a00000| Untracked 
|  64|0x0000000713c00000, 0x0000000713c00000, 0x0000000713e00000|  0%| F|  |TAMS 0x0000000713c00000, 0x0000000713c00000| Untracked 
|  65|0x0000000713e00000, 0x0000000713e00000, 0x0000000714000000|  0%| F|  |TAMS 0x0000000713e00000, 0x0000000713e00000| Untracked 
|  66|0x0000000714000000, 0x0000000714000000, 0x0000000714200000|  0%| F|  |TAMS 0x0000000714000000, 0x0000000714000000| Untracked 
|  67|0x0000000714200000, 0x0000000714200000, 0x0000000714400000|  0%| F|  |TAMS 0x0000000714200000, 0x0000000714200000| Untracked 
|  68|0x0000000714400000, 0x0000000714400000, 0x0000000714600000|  0%| F|  |TAMS 0x0000000714400000, 0x0000000714400000| Untracked 
|  69|0x0000000714600000, 0x0000000714600000, 0x0000000714800000|  0%| F|  |TAMS 0x0000000714600000, 0x0000000714600000| Untracked 
|  70|0x0000000714800000, 0x0000000714800000, 0x0000000714a00000|  0%| F|  |TAMS 0x0000000714800000, 0x0000000714800000| Untracked 
|  71|0x0000000714a00000, 0x0000000714a00000, 0x0000000714c00000|  0%| F|  |TAMS 0x0000000714a00000, 0x0000000714a00000| Untracked 
|  72|0x0000000714c00000, 0x0000000714c00000, 0x0000000714e00000|  0%| F|  |TAMS 0x0000000714c00000, 0x0000000714c00000| Untracked 
|  73|0x0000000714e00000, 0x0000000714e00000, 0x0000000715000000|  0%| F|  |TAMS 0x0000000714e00000, 0x0000000714e00000| Untracked 
|  74|0x0000000715000000, 0x0000000715000000, 0x0000000715200000|  0%| F|  |TAMS 0x0000000715000000, 0x0000000715000000| Untracked 
|  75|0x0000000715200000, 0x0000000715200000, 0x0000000715400000|  0%| F|  |TAMS 0x0000000715200000, 0x0000000715200000| Untracked 
|  76|0x0000000715400000, 0x0000000715400000, 0x0000000715600000|  0%| F|  |TAMS 0x0000000715400000, 0x0000000715400000| Untracked 
|  77|0x0000000715600000, 0x0000000715600000, 0x0000000715800000|  0%| F|  |TAMS 0x0000000715600000, 0x0000000715600000| Untracked 
|  78|0x0000000715800000, 0x0000000715800000, 0x0000000715a00000|  0%| F|  |TAMS 0x0000000715800000, 0x0000000715800000| Untracked 
|  79|0x0000000715a00000, 0x0000000715a00000, 0x0000000715c00000|  0%| F|  |TAMS 0x0000000715a00000, 0x0000000715a00000| Untracked 
|  80|0x0000000715c00000, 0x0000000715c00000, 0x0000000715e00000|  0%| F|  |TAMS 0x0000000715c00000, 0x0000000715c00000| Untracked 
|  81|0x0000000715e00000, 0x0000000715e00000, 0x0000000716000000|  0%| F|  |TAMS 0x0000000715e00000, 0x0000000715e00000| Untracked 
|  82|0x0000000716000000, 0x0000000716000000, 0x0000000716200000|  0%| F|  |TAMS 0x0000000716000000, 0x0000000716000000| Untracked 
|  83|0x0000000716200000, 0x0000000716200000, 0x0000000716400000|  0%| F|  |TAMS 0x0000000716200000, 0x0000000716200000| Untracked 
|  84|0x0000000716400000, 0x0000000716400000, 0x0000000716600000|  0%| F|  |TAMS 0x0000000716400000, 0x0000000716400000| Untracked 
|  85|0x0000000716600000, 0x0000000716600000, 0x0000000716800000|  0%| F|  |TAMS 0x0000000716600000, 0x0000000716600000| Untracked 
|  86|0x0000000716800000, 0x0000000716800000, 0x0000000716a00000|  0%| F|  |TAMS 0x0000000716800000, 0x0000000716800000| Untracked 
|  87|0x0000000716a00000, 0x0000000716a00000, 0x0000000716c00000|  0%| F|  |TAMS 0x0000000716a00000, 0x0000000716a00000| Untracked 
|  88|0x0000000716c00000, 0x0000000716c00000, 0x0000000716e00000|  0%| F|  |TAMS 0x0000000716c00000, 0x0000000716c00000| Untracked 
|  89|0x0000000716e00000, 0x0000000716e00000, 0x0000000717000000|  0%| F|  |TAMS 0x0000000716e00000, 0x0000000716e00000| Untracked 
|  90|0x0000000717000000, 0x0000000717000000, 0x0000000717200000|  0%| F|  |TAMS 0x0000000717000000, 0x0000000717000000| Untracked 
|  91|0x0000000717200000, 0x0000000717200000, 0x0000000717400000|  0%| F|  |TAMS 0x0000000717200000, 0x0000000717200000| Untracked 
|  92|0x0000000717400000, 0x0000000717400000, 0x0000000717600000|  0%| F|  |TAMS 0x0000000717400000, 0x0000000717400000| Untracked 
|  93|0x0000000717600000, 0x0000000717600000, 0x0000000717800000|  0%| F|  |TAMS 0x0000000717600000, 0x0000000717600000| Untracked 
|  94|0x0000000717800000, 0x0000000717800000, 0x0000000717a00000|  0%| F|  |TAMS 0x0000000717800000, 0x0000000717800000| Untracked 
|  95|0x0000000717a00000, 0x0000000717a00000, 0x0000000717c00000|  0%| F|  |TAMS 0x0000000717a00000, 0x0000000717a00000| Untracked 
|  96|0x0000000717c00000, 0x0000000717c00000, 0x0000000717e00000|  0%| F|  |TAMS 0x0000000717c00000, 0x0000000717c00000| Untracked 
|  97|0x0000000717e00000, 0x0000000717e00000, 0x0000000718000000|  0%| F|  |TAMS 0x0000000717e00000, 0x0000000717e00000| Untracked 
|  98|0x0000000718000000, 0x0000000718000000, 0x0000000718200000|  0%| F|  |TAMS 0x0000000718000000, 0x0000000718000000| Untracked 
|  99|0x0000000718200000, 0x0000000718200000, 0x0000000718400000|  0%| F|  |TAMS 0x0000000718200000, 0x0000000718200000| Untracked 
| 100|0x0000000718400000, 0x0000000718400000, 0x0000000718600000|  0%| F|  |TAMS 0x0000000718400000, 0x0000000718400000| Untracked 
| 101|0x0000000718600000, 0x0000000718600000, 0x0000000718800000|  0%| F|  |TAMS 0x0000000718600000, 0x0000000718600000| Untracked 
| 102|0x0000000718800000, 0x0000000718800000, 0x0000000718a00000|  0%| F|  |TAMS 0x0000000718800000, 0x0000000718800000| Untracked 
| 103|0x0000000718a00000, 0x0000000718a00000, 0x0000000718c00000|  0%| F|  |TAMS 0x0000000718a00000, 0x0000000718a00000| Untracked 
| 104|0x0000000718c00000, 0x0000000718c00000, 0x0000000718e00000|  0%| F|  |TAMS 0x0000000718c00000, 0x0000000718c00000| Untracked 
| 105|0x0000000718e00000, 0x0000000718e00000, 0x0000000719000000|  0%| F|  |TAMS 0x0000000718e00000, 0x0000000718e00000| Untracked 
| 106|0x0000000719000000, 0x0000000719000000, 0x0000000719200000|  0%| F|  |TAMS 0x0000000719000000, 0x0000000719000000| Untracked 
| 107|0x0000000719200000, 0x0000000719200000, 0x0000000719400000|  0%| F|  |TAMS 0x0000000719200000, 0x0000000719200000| Untracked 
| 108|0x0000000719400000, 0x0000000719400000, 0x0000000719600000|  0%| F|  |TAMS 0x0000000719400000, 0x0000000719400000| Untracked 
| 109|0x0000000719600000, 0x0000000719600000, 0x0000000719800000|  0%| F|  |TAMS 0x0000000719600000, 0x0000000719600000| Untracked 
| 110|0x0000000719800000, 0x0000000719800000, 0x0000000719a00000|  0%| F|  |TAMS 0x0000000719800000, 0x0000000719800000| Untracked 
| 111|0x0000000719a00000, 0x0000000719a00000, 0x0000000719c00000|  0%| F|  |TAMS 0x0000000719a00000, 0x0000000719a00000| Untracked 
| 112|0x0000000719c00000, 0x0000000719c00000, 0x0000000719e00000|  0%| F|  |TAMS 0x0000000719c00000, 0x0000000719c00000| Untracked 
| 113|0x0000000719e00000, 0x0000000719e00000, 0x000000071a000000|  0%| F|  |TAMS 0x0000000719e00000, 0x0000000719e00000| Untracked 
| 114|0x000000071a000000, 0x000000071a000000, 0x000000071a200000|  0%| F|  |TAMS 0x000000071a000000, 0x000000071a000000| Untracked 
| 115|0x000000071a200000, 0x000000071a200000, 0x000000071a400000|  0%| F|  |TAMS 0x000000071a200000, 0x000000071a200000| Untracked 
| 116|0x000000071a400000, 0x000000071a400000, 0x000000071a600000|  0%| F|  |TAMS 0x000000071a400000, 0x000000071a400000| Untracked 
| 117|0x000000071a600000, 0x000000071a600000, 0x000000071a800000|  0%| F|  |TAMS 0x000000071a600000, 0x000000071a600000| Untracked 
| 118|0x000000071a800000, 0x000000071a9c6270, 0x000000071aa00000| 88%| E|  |TAMS 0x000000071a800000, 0x000000071a800000| Complete 
| 119|0x000000071aa00000, 0x000000071ac00000, 0x000000071ac00000|100%| E|CS|TAMS 0x000000071aa00000, 0x000000071aa00000| Complete 
| 120|0x000000071ac00000, 0x000000071ae00000, 0x000000071ae00000|100%| E|CS|TAMS 0x000000071ac00000, 0x000000071ac00000| Complete 
| 121|0x000000071ae00000, 0x000000071b000000, 0x000000071b000000|100%| E|CS|TAMS 0x000000071ae00000, 0x000000071ae00000| Complete 
| 122|0x000000071b000000, 0x000000071b200000, 0x000000071b200000|100%| E|CS|TAMS 0x000000071b000000, 0x000000071b000000| Complete 

Card table byte_map: [0x0000026215d60000,0x0000026216510000] _byte_map_base: 0x0000026212502000

Marking Bits (Prev, Next): (CMBitMap*) 0x00000262026bd8c0, (CMBitMap*) 0x00000262026bd900
 Prev Bits: [0x0000026216cc0000, 0x000002621a9d0000)
 Next Bits: [0x000002621a9d0000, 0x000002621e6e0000)

Polling page: 0x00000262005f0000

Metaspace:

Usage:
  Non-class:     12.05 MB used.
      Class:      1.36 MB used.
       Both:     13.40 MB used.

Virtual space:
  Non-class space:       16.00 MB reserved,      12.12 MB ( 76%) committed,  2 nodes.
      Class space:        1.00 GB reserved,       1.44 MB ( <1%) committed,  1 nodes.
             Both:        1.02 GB reserved,      13.56 MB (  1%) committed. 

Chunk freelists:
   Non-Class:  3.00 MB
       Class:  2.55 MB
        Both:  5.55 MB

MaxMetaspaceSize: unlimited
CompressedClassSpaceSize: 1.00 GB
Initial GC threshold: 21.00 MB
Current GC threshold: 21.00 MB
CDS: off
MetaspaceReclaimPolicy: balanced
 - commit_granule_bytes: 65536.
 - commit_granule_words: 8192.
 - virtual_space_node_default_size: 1048576.
 - enlarge_chunks_in_place: 1.
 - new_chunks_are_fully_committed: 0.
 - uncommit_free_chunks: 1.
 - use_allocation_guard: 0.
 - handle_deallocations: 1.


Internal statistics:

num_allocs_failed_limit: 0.
num_arena_births: 112.
num_arena_deaths: 0.
num_vsnodes_births: 3.
num_vsnodes_deaths: 0.
num_space_committed: 217.
num_space_uncommitted: 0.
num_chunks_returned_to_freelist: 0.
num_chunks_taken_from_freelist: 190.
num_chunk_merges: 0.
num_chunk_splits: 92.
num_chunks_enlarged: 25.
num_purges: 0.
num_inconsistent_stats: 0.

CodeHeap 'non-profiled nmethods': size=119168Kb used=259Kb max_used=259Kb free=118908Kb
 bounds [0x000002620d8d0000, 0x000002620db40000, 0x0000026214d30000]
CodeHeap 'profiled nmethods': size=119104Kb used=1333Kb max_used=1333Kb free=117770Kb
 bounds [0x0000026206480000, 0x00000262066f0000, 0x000002620d8d0000]
CodeHeap 'non-nmethods': size=7488Kb used=2949Kb max_used=2963Kb free=4539Kb
 bounds [0x0000026205d30000, 0x0000026206020000, 0x0000026206480000]
 total_blobs=1505 nmethods=923 adapters=492
 compilation: enabled
              stopped_count=0, restarted_count=0
 full_count=0

Compilation events (20 events):
Event: 0.501 Thread 0x0000026222328500  915       1       java.awt.image.Raster::getWidth (5 bytes)
Event: 0.501 Thread 0x00000262220964e0  916       1       java.awt.image.Raster::getHeight (5 bytes)
Event: 0.501 Thread 0x0000026222328500 nmethod 915 0x000002620d90f010 code [0x000002620d90f1a0, 0x000002620d90f278]
Event: 0.501 Thread 0x00000262220964e0 nmethod 916 0x000002620d90f310 code [0x000002620d90f4a0, 0x000002620d90f578]
Event: 0.501 Thread 0x0000026222069eb0  917       4       sun.java2d.loops.GraphicsPrimitiveMgr::locate (104 bytes)
Event: 0.501 Thread 0x00000262220964e0  918       3       sun.java2d.StateTrackableDelegate::markDirty (6 bytes)
Event: 0.501 Thread 0x00000262223b9890  919       4       java.util.Arrays::binarySearch (10 bytes)
Event: 0.501 Thread 0x00000262220964e0 nmethod 918 0x00000262065cc410 code [0x00000262065cc5a0, 0x00000262065cc6d8]
Event: 0.501 Thread 0x00000262220964e0  920       3       sun.java2d.pipe.PixelToParallelogramConverter::normalize (15 bytes)
Event: 0.501 Thread 0x0000026222323fe0  921       3       javax.swing.SwingUtilities::appContextGet (8 bytes)
Event: 0.501 Thread 0x00000262220964e0 nmethod 920 0x00000262065cc790 code [0x00000262065cc940, 0x00000262065ccae8]
Event: 0.501 Thread 0x0000026222323fe0 nmethod 921 0x00000262065ccc10 code [0x00000262065ccdc0, 0x00000262065ccf18]
Event: 0.502 Thread 0x0000026222323fe0  922       1       java.awt.image.ColorModel::getTransparency (5 bytes)
Event: 0.502 Thread 0x0000026222323fe0 nmethod 922 0x000002620d90f610 code [0x000002620d90f7a0, 0x000002620d90f878]
Event: 0.503 Thread 0x00000262223b9890 nmethod 919 0x000002620d90f910 code [0x000002620d90faa0, 0x000002620d90fcb8]
Event: 0.503 Thread 0x0000026222323fe0  923       3       java.util.LinkedList$ListItr::checkForComodification (23 bytes)
Event: 0.503 Thread 0x0000026222323fe0 nmethod 923 0x00000262065cd010 code [0x00000262065cd1c0, 0x00000262065cd388]
Event: 0.504 Thread 0x0000026222069eb0 nmethod 917 0x000002620d90ff10 code [0x000002620d9100c0, 0x000002620d910548]
Event: 0.505 Thread 0x0000026222323fe0  924       1       java.util.EventObject::getSource (5 bytes)
Event: 0.505 Thread 0x0000026222323fe0 nmethod 924 0x000002620d910990 code [0x000002620d910b20, 0x000002620d910bf8]

GC Heap History (0 events):
No events

Deoptimization events (20 events):
Event: 0.182 Thread 0x000002620266eaa0 Uncommon trap: trap_request=0xffffff45 fr.pc=0x000002620d8e2048 relative=0x0000000000000428
Event: 0.182 Thread 0x000002620266eaa0 Uncommon trap: reason=unstable_if action=reinterpret pc=0x000002620d8e2048 method=java.lang.StringLatin1.replace([BCC)Ljava/lang/String; @ 19 c2
Event: 0.182 Thread 0x000002620266eaa0 DEOPT PACKING pc=0x000002620d8e2048 sp=0x000000e0cdafe8b0
Event: 0.182 Thread 0x000002620266eaa0 DEOPT UNPACKING pc=0x0000026205d823a3 sp=0x000000e0cdafe820 mode 2
Event: 0.182 Thread 0x000002620266eaa0 Uncommon trap: trap_request=0xffffff45 fr.pc=0x000002620d8e3c50 relative=0x00000000000004b0
Event: 0.182 Thread 0x000002620266eaa0 Uncommon trap: reason=unstable_if action=reinterpret pc=0x000002620d8e3c50 method=java.lang.StringLatin1.newString([BII)Ljava/lang/String; @ 1 c2
Event: 0.182 Thread 0x000002620266eaa0 DEOPT PACKING pc=0x000002620d8e3c50 sp=0x000000e0cdafe7f0
Event: 0.182 Thread 0x000002620266eaa0 DEOPT UNPACKING pc=0x0000026205d823a3 sp=0x000000e0cdafe750 mode 2
Event: 0.185 Thread 0x000002620266eaa0 Uncommon trap: trap_request=0xffffff45 fr.pc=0x000002620d8de4f8 relative=0x0000000000000078
Event: 0.185 Thread 0x000002620266eaa0 Uncommon trap: reason=unstable_if action=reinterpret pc=0x000002620d8de4f8 method=java.lang.String.isLatin1()Z @ 10 c2
Event: 0.185 Thread 0x000002620266eaa0 DEOPT PACKING pc=0x000002620d8de4f8 sp=0x000000e0cdafec40
Event: 0.185 Thread 0x000002620266eaa0 DEOPT UNPACKING pc=0x0000026205d823a3 sp=0x000000e0cdafeb80 mode 2
Event: 0.345 Thread 0x000002620266eaa0 Uncommon trap: trap_request=0xffffff45 fr.pc=0x000002620d900a78 relative=0x00000000000000d8
Event: 0.345 Thread 0x000002620266eaa0 Uncommon trap: reason=unstable_if action=reinterpret pc=0x000002620d900a78 method=java.util.HashMap.hash(Ljava/lang/Object;)I @ 1 c2
Event: 0.345 Thread 0x000002620266eaa0 DEOPT PACKING pc=0x000002620d900a78 sp=0x000000e0cdafeaa0
Event: 0.345 Thread 0x000002620266eaa0 DEOPT UNPACKING pc=0x0000026205d823a3 sp=0x000000e0cdafe9e0 mode 2
Event: 0.414 Thread 0x00000262225160e0 Uncommon trap: trap_request=0xffffff3d fr.pc=0x000002620d90355c relative=0x0000000000000afc
Event: 0.414 Thread 0x00000262225160e0 Uncommon trap: reason=unstable_fused_if action=reinterpret pc=0x000002620d90355c method=java.util.HashMap.resize()[Ljava/util/HashMap$Node; @ 31 c2
Event: 0.414 Thread 0x00000262225160e0 DEOPT PACKING pc=0x000002620d90355c sp=0x000000e0ceffe460
Event: 0.414 Thread 0x00000262225160e0 DEOPT UNPACKING pc=0x0000026205d823a3 sp=0x000000e0ceffe3e8 mode 2

Classes unloaded (0 events):
No events

Classes redefined (0 events):
No events

Internal exceptions (17 events):
Event: 0.174 Thread 0x000002620266eaa0 Exception <a 'java/lang/NoSuchMethodError'{0x000000071af4ae58}: 'void java.lang.invoke.DirectMethodHandle$Holder.invokeSpecial(java.lang.Object, java.lang.Object, java.lang.Object)'> (0x000000071af4ae58) 
thrown [e:\jenkins\tmp\workspace\build\src\src\hotspot\share\interpreter\linkResolver.cpp, line 766]
Event: 0.177 Thread 0x000002620266eaa0 Exception <a 'java/lang/NoSuchMethodError'{0x000000071af61ab0}: 'void java.lang.invoke.DirectMethodHandle$Holder.invokeSpecial(java.lang.Object, java.lang.Object, java.lang.Object, java.lang.Object, java.lang.Object)'> (0x000000071af61ab0) 
thrown [e:\jenkins\tmp\workspace\build\src\src\hotspot\share\interpreter\linkResolver.cpp, line 766]
Event: 0.178 Thread 0x000002620266eaa0 Exception <a 'java/lang/NoSuchMethodError'{0x000000071af741f0}: 'java.lang.Object java.lang.invoke.DirectMethodHandle$Holder.invokeInterface(java.lang.Object, java.lang.Object)'> (0x000000071af741f0) 
thrown [e:\jenkins\tmp\workspace\build\src\src\hotspot\share\interpreter\linkResolver.cpp, line 766]
Event: 0.179 Thread 0x000002620266eaa0 Exception <a 'java/lang/IncompatibleClassChangeError'{0x000000071af77740}: Found class java.lang.Object, but interface was expected> (0x000000071af77740) 
thrown [e:\jenkins\tmp\workspace\build\src\src\hotspot\share\interpreter\linkResolver.cpp, line 833]
Event: 0.179 Thread 0x000002620266eaa0 Exception <a 'java/lang/NoSuchMethodError'{0x000000071af7a508}: 'void java.lang.invoke.DirectMethodHandle$Holder.invokeStatic(java.lang.Object, java.lang.Object, java.lang.Object, java.lang.Object)'> (0x000000071af7a508) 
thrown [e:\jenkins\tmp\workspace\build\src\src\hotspot\share\interpreter\linkResolver.cpp, line 766]
Event: 0.201 Thread 0x000002620266eaa0 Exception <a 'java/lang/ClassNotFoundException'{0x000000071ac77438}: sun/awt/resources/spi/awtProvider> (0x000000071ac77438) 
thrown [e:\jenkins\tmp\workspace\build\src\src\hotspot\share\classfile\systemDictionary.cpp, line 256]
Event: 0.214 Thread 0x000002620266eaa0 Exception <a 'java/io/FileNotFoundException'{0x000000071acca6d0}> (0x000000071acca6d0) 
thrown [e:\jenkins\tmp\workspace\build\src\src\hotspot\share\prims\jni.cpp, line 516]
Event: 0.218 Thread 0x000002620266eaa0 Exception <a 'java/io/FileNotFoundException'{0x000000071acf7890}> (0x000000071acf7890) 
thrown [e:\jenkins\tmp\workspace\build\src\src\hotspot\share\prims\jni.cpp, line 516]
Event: 0.242 Thread 0x000002620266eaa0 Exception <a 'java/lang/NoSuchMethodError'{0x000000071ad32d70}: 'java.lang.Object java.lang.invoke.DirectMethodHandle$Holder.invokeStaticInit(java.lang.Object)'> (0x000000071ad32d70) 
thrown [e:\jenkins\tmp\workspace\build\src\src\hotspot\share\interpreter\linkResolver.cpp, line 766]
Event: 0.327 Thread 0x000002620266eaa0 Exception <a 'java/lang/NoSuchMethodError'{0x000000071aa13218}: 'java.lang.Object java.lang.invoke.DirectMethodHandle$Holder.newInvokeSpecial(java.lang.Object, java.lang.Object, java.lang.Object, java.lang.Object, java.lang.Object)'> (0x000000071aa13218) 
thrown [e:\jenkins\tmp\workspace\build\src\src\hotspot\share\interpreter\linkResolver.cpp, line 766]
Event: 0.328 Thread 0x000002620266eaa0 Exception <a 'java/lang/NoSuchMethodError'{0x000000071aa1f138}: 'java.lang.Object java.lang.invoke.DirectMethodHandle$Holder.invokeStatic(java.lang.Object, int, java.lang.Object, java.lang.Object, java.lang.Object, java.lang.Object)'> (0x000000071aa1f138) 
thrown [e:\jenkins\tmp\workspace\build\src\src\hotspot\share\interpreter\linkResolver.cpp, line 766]
Event: 0.330 Thread 0x000002620266eaa0 Exception <a 'java/lang/NoSuchMethodError'{0x000000071aa448f8}: 'java.lang.Object java.lang.invoke.DirectMethodHandle$Holder.invokeStatic(java.lang.Object, int, java.lang.Object)'> (0x000000071aa448f8) 
thrown [e:\jenkins\tmp\workspace\build\src\src\hotspot\share\interpreter\linkResolver.cpp, line 766]
Event: 0.342 Thread 0x000002620266eaa0 Exception <a 'java/lang/ClassNotFoundException'{0x000000071aafbda8}: com/sun/swing/internal/plaf/metal/resources/spi/metalProvider> (0x000000071aafbda8) 
thrown [e:\jenkins\tmp\workspace\build\src\src\hotspot\share\classfile\systemDictionary.cpp, line 256]
Event: 0.342 Thread 0x000002620266eaa0 Exception <a 'java/lang/ClassNotFoundException'{0x000000071aaffc50}: com/sun/swing/internal/plaf/basic/resources/spi/basicProvider> (0x000000071aaffc50) 
thrown [e:\jenkins\tmp\workspace\build\src\src\hotspot\share\classfile\systemDictionary.cpp, line 256]
Event: 0.345 Thread 0x000002620266eaa0 Implicit null exception at 0x000002620d9009d8 to 0x000002620d900a6e
Event: 0.356 Thread 0x00000262226db440 Exception <a 'java/lang/NoSuchMethodError'{0x000000071ad61f50}: 'void java.lang.invoke.DirectMethodHandle$Holder.invokeVirtual(java.lang.Object, java.lang.Object)'> (0x000000071ad61f50) 
thrown [e:\jenkins\tmp\workspace\build\src\src\hotspot\share\interpreter\linkResolver.cpp, line 766]
Event: 0.365 Thread 0x000002620266eaa0 Exception <a 'java/lang/NoSuchMethodError'{0x000000071ab42790}: 'void java.lang.invoke.DirectMethodHandle$Holder.invokeStaticInit(java.lang.Object)'> (0x000000071ab42790) 
thrown [e:\jenkins\tmp\workspace\build\src\src\hotspot\share\interpreter\linkResolver.cpp, line 766]

VM Operations (10 events):
Event: 0.159 Executing VM operation: HandshakeAllThreads
Event: 0.159 Executing VM operation: HandshakeAllThreads done
Event: 0.177 Executing VM operation: HandshakeAllThreads
Event: 0.177 Executing VM operation: HandshakeAllThreads done
Event: 0.349 Executing VM operation: HandshakeAllThreads
Event: 0.349 Executing VM operation: HandshakeAllThreads done
Event: 0.378 Executing VM operation: HandshakeAllThreads
Event: 0.378 Executing VM operation: HandshakeAllThreads done
Event: 0.438 Executing VM operation: HandshakeAllThreads
Event: 0.438 Executing VM operation: HandshakeAllThreads done

Events (20 events):
Event: 0.481 loading class sun/font/CompositeGlyphMapper done
Event: 0.485 loading class java/awt/print/PrinterGraphics
Event: 0.485 loading class java/awt/print/PrinterGraphics done
Event: 0.485 loading class java/awt/PrintGraphics
Event: 0.485 loading class java/awt/PrintGraphics done
Event: 0.485 loading class sun/java2d/loops/FontInfo
Event: 0.485 loading class sun/java2d/loops/FontInfo done
Event: 0.490 loading class java/awt/GradientPaintContext
Event: 0.490 loading class java/awt/PaintContext
Event: 0.491 loading class java/awt/PaintContext done
Event: 0.491 loading class java/awt/GradientPaintContext done
Event: 0.491 loading class java/awt/geom/Point2D$Double
Event: 0.491 loading class java/awt/geom/Point2D$Double done
Event: 0.491 loading class sun/java2d/pipe/AlphaPaintPipe$TileContext
Event: 0.491 loading class sun/java2d/pipe/AlphaPaintPipe$TileContext done
Event: 0.506 loading class java/awt/KeyboardFocusManager$3
Event: 0.506 loading class java/awt/KeyboardFocusManager$3 done
Event: 0.510 loading class sun/awt/im/CompositionAreaHandler
Event: 0.510 loading class sun/awt/im/CompositionAreaHandler done
Event: 0.510 loading class java/text/AttributedString


Dynamic libraries:
0x00007ff6dde50000 - 0x00007ff6dde5e000 	C:\Users\SANKET\.p2\pool\plugins\org.eclipse.justj.openjdk.hotspot.jre.full.win32.x86_64_17.0.2.v20220201-1208\jre\bin\javaw.exe
0x00007fff781c0000 - 0x00007fff783c9000 	C:\Windows\SYSTEM32\ntdll.dll
0x00007fff76070000 - 0x00007fff7612d000 	C:\Windows\System32\KERNEL32.DLL
0x00007fff75cd0000 - 0x00007fff76049000 	C:\Windows\System32\KERNELBASE.dll
0x00007fff759a0000 - 0x00007fff75ab1000 	C:\Windows\System32\ucrtbase.dll
0x00007fff4be20000 - 0x00007fff4be38000 	C:\Users\SANKET\.p2\pool\plugins\org.eclipse.justj.openjdk.hotspot.jre.full.win32.x86_64_17.0.2.v20220201-1208\jre\bin\jli.dll
0x00007fff4a730000 - 0x00007fff4a749000 	C:\Users\SANKET\.p2\pool\plugins\org.eclipse.justj.openjdk.hotspot.jre.full.win32.x86_64_17.0.2.v20220201-1208\jre\bin\VCRUNTIME140.dll
0x00007fff761a0000 - 0x00007fff7634c000 	C:\Windows\System32\USER32.dll
0x00007fff6e360000 - 0x00007fff6e605000 	C:\Windows\WinSxS\amd64_microsoft.windows.common-controls_6595b64144ccf1df_6.0.22000.120_none_9d947278b86cc467\COMCTL32.dll
0x00007fff75720000 - 0x00007fff75746000 	C:\Windows\System32\win32u.dll
0x00007fff77430000 - 0x00007fff774d3000 	C:\Windows\System32\msvcrt.dll
0x00007fff76bf0000 - 0x00007fff76c19000 	C:\Windows\System32\GDI32.dll
0x00007fff757c0000 - 0x00007fff758d2000 	C:\Windows\System32\gdi32full.dll
0x00007fff75ac0000 - 0x00007fff75b5d000 	C:\Windows\System32\msvcp_win.dll
0x00007fff76130000 - 0x00007fff76161000 	C:\Windows\System32\IMM32.DLL
0x00007fff714d0000 - 0x00007fff714dc000 	C:\Users\SANKET\.p2\pool\plugins\org.eclipse.justj.openjdk.hotspot.jre.full.win32.x86_64_17.0.2.v20220201-1208\jre\bin\vcruntime140_1.dll
0x00007fff29e70000 - 0x00007fff29f01000 	C:\Users\SANKET\.p2\pool\plugins\org.eclipse.justj.openjdk.hotspot.jre.full.win32.x86_64_17.0.2.v20220201-1208\jre\bin\msvcp140.dll
0x00007fff21be0000 - 0x00007fff22827000 	C:\Users\SANKET\.p2\pool\plugins\org.eclipse.justj.openjdk.hotspot.jre.full.win32.x86_64_17.0.2.v20220201-1208\jre\bin\server\jvm.dll
0x00007fff76e30000 - 0x00007fff76ede000 	C:\Windows\System32\ADVAPI32.dll
0x00007fff76b50000 - 0x00007fff76bee000 	C:\Windows\System32\sechost.dll
0x00007fff767c0000 - 0x00007fff768e0000 	C:\Windows\System32\RPCRT4.dll
0x00007fff76990000 - 0x00007fff76998000 	C:\Windows\System32\PSAPI.DLL
0x00007fff58470000 - 0x00007fff58479000 	C:\Windows\SYSTEM32\WSOCK32.dll
0x00007fff69a30000 - 0x00007fff69a63000 	C:\Windows\SYSTEM32\WINMM.dll
0x00007fff6cf50000 - 0x00007fff6cf5a000 	C:\Windows\SYSTEM32\VERSION.dll
0x00007fff76fc0000 - 0x00007fff7702f000 	C:\Windows\System32\WS2_32.dll
0x00007fff74890000 - 0x00007fff748a8000 	C:\Windows\SYSTEM32\kernel.appcore.dll
0x00007fff715b0000 - 0x00007fff715ba000 	C:\Users\SANKET\.p2\pool\plugins\org.eclipse.justj.openjdk.hotspot.jre.full.win32.x86_64_17.0.2.v20220201-1208\jre\bin\jimage.dll
0x00007fff72c30000 - 0x00007fff72e51000 	C:\Windows\SYSTEM32\DBGHELP.DLL
0x00007fff6bb50000 - 0x00007fff6bb81000 	C:\Windows\SYSTEM32\dbgcore.DLL
0x00007fff756a0000 - 0x00007fff7571f000 	C:\Windows\System32\bcryptPrimitives.dll
0x00007fff6bc90000 - 0x00007fff6bcb5000 	C:\Users\SANKET\.p2\pool\plugins\org.eclipse.justj.openjdk.hotspot.jre.full.win32.x86_64_17.0.2.v20220201-1208\jre\bin\java.dll
0x00007fff67360000 - 0x00007fff67378000 	C:\Users\SANKET\.p2\pool\plugins\org.eclipse.justj.openjdk.hotspot.jre.full.win32.x86_64_17.0.2.v20220201-1208\jre\bin\zip.dll
0x00007fff774e0000 - 0x00007fff77c98000 	C:\Windows\System32\SHELL32.dll
0x00007fff73820000 - 0x00007fff74088000 	C:\Windows\SYSTEM32\windows.storage.dll
0x00007fff77e00000 - 0x00007fff78179000 	C:\Windows\System32\combase.dll
0x00007fff736b0000 - 0x00007fff73816000 	C:\Windows\SYSTEM32\wintypes.dll
0x00007fff76d40000 - 0x00007fff76e2a000 	C:\Windows\System32\SHCORE.dll
0x00007fff76ee0000 - 0x00007fff76f3d000 	C:\Windows\System32\shlwapi.dll
0x00007fff755d0000 - 0x00007fff755f1000 	C:\Windows\SYSTEM32\profapi.dll
0x00007fff5fc90000 - 0x00007fff5fca9000 	C:\Users\SANKET\.p2\pool\plugins\org.eclipse.justj.openjdk.hotspot.jre.full.win32.x86_64_17.0.2.v20220201-1208\jre\bin\net.dll
0x00007fff70470000 - 0x00007fff7057c000 	C:\Windows\SYSTEM32\WINHTTP.dll
0x00007fff74cc0000 - 0x00007fff74d27000 	C:\Windows\system32\mswsock.dll
0x00007fff54460000 - 0x00007fff54475000 	C:\Users\SANKET\.p2\pool\plugins\org.eclipse.justj.openjdk.hotspot.jre.full.win32.x86_64_17.0.2.v20220201-1208\jre\bin\nio.dll
0x00007fff21a50000 - 0x00007fff21bde000 	C:\Users\SANKET\.p2\pool\plugins\org.eclipse.justj.openjdk.hotspot.jre.full.win32.x86_64_17.0.2.v20220201-1208\jre\bin\awt.dll
0x00007fff77040000 - 0x00007fff77116000 	C:\Windows\System32\OLEAUT32.dll
0x00007fff72800000 - 0x00007fff72891000 	C:\Windows\SYSTEM32\apphelp.dll
0x00007fff72f90000 - 0x00007fff72fbf000 	C:\Windows\system32\DWMAPI.DLL
0x00007fff72940000 - 0x00007fff729ec000 	C:\Windows\system32\uxtheme.dll
0x00007fff40a80000 - 0x00007fff40b81000 	C:\Windows\system32\opengl32.dll
0x00007fff5d210000 - 0x00007fff5d23d000 	C:\Windows\SYSTEM32\GLU32.dll
0x00007fff72f10000 - 0x00007fff72f48000 	C:\Windows\SYSTEM32\dxcore.dll
0x00007fff76c20000 - 0x00007fff76d3e000 	C:\Windows\System32\MSCTF.dll
0x00007fff769a0000 - 0x00007fff76b3a000 	C:\Windows\System32\ole32.dll
0x00007fff65020000 - 0x00007fff651c6000 	C:\Windows\system32\d3d9.dll
0x00007fff69a70000 - 0x00007fff69c2a000 	C:\Windows\System32\DriverStore\FileRepository\u0378413.inf_amd64_f433ae918f97b444\B378427\aticfx64.dll
0x00007ffef3f30000 - 0x00007ffef5c01000 	C:\Windows\System32\DriverStore\FileRepository\u0378413.inf_amd64_f433ae918f97b444\B378427\amdxn64.dll
0x00007fff76350000 - 0x00007fff767bc000 	C:\Windows\System32\SETUPAPI.dll
0x00007fff72a70000 - 0x00007fff72b63000 	C:\Windows\SYSTEM32\dxgi.dll
0x00007fff67260000 - 0x00007fff67290000 	C:\Windows\SYSTEM32\amdihk64.dll
0x00007fff6f7c0000 - 0x00007fff6f804000 	C:\Windows\SYSTEM32\directxdatabasehelper.dll
0x00007fff72fc0000 - 0x00007fff72ff4000 	C:\Windows\SYSTEM32\ntmarta.dll
0x00007fff2c330000 - 0x00007fff2c3b9000 	C:\Users\SANKET\.p2\pool\plugins\org.eclipse.justj.openjdk.hotspot.jre.full.win32.x86_64_17.0.2.v20220201-1208\jre\bin\freetype.dll
0x00007fff29dc0000 - 0x00007fff29e68000 	C:\Users\SANKET\.p2\pool\plugins\org.eclipse.justj.openjdk.hotspot.jre.full.win32.x86_64_17.0.2.v20220201-1208\jre\bin\fontmanager.dll
0x00007fff638d0000 - 0x00007fff639fd000 	C:\Windows\SYSTEM32\textinputframework.dll
0x00007fff72510000 - 0x00007fff72642000 	C:\Windows\SYSTEM32\CoreMessaging.dll
0x00007fff6ed90000 - 0x00007fff6f0fd000 	C:\Windows\SYSTEM32\CoreUIComponents.dll
0x00007fff74f20000 - 0x00007fff74f2c000 	C:\Windows\SYSTEM32\CRYPTBASE.DLL

dbghelp: loaded successfully - version: 4.0.5 - missing functions: none
symbol engine: initialized successfully - sym options: 0x614 - pdb path: .;C:\Users\SANKET\.p2\pool\plugins\org.eclipse.justj.openjdk.hotspot.jre.full.win32.x86_64_17.0.2.v20220201-1208\jre\bin;C:\Windows\SYSTEM32;C:\Windows\WinSxS\amd64_microsoft.windows.common-controls_6595b64144ccf1df_6.0.22000.120_none_9d947278b86cc467;C:\Users\SANKET\.p2\pool\plugins\org.eclipse.justj.openjdk.hotspot.jre.full.win32.x86_64_17.0.2.v20220201-1208\jre\bin\server;C:\Windows\System32\DriverStore\FileRepository\u0378413.inf_amd64_f433ae918f97b444\B378427

VM Arguments:
jvm_args: -Dfile.encoding=Cp1252 --module-path=D:\JarFiles\mysql-connector-java-8.0.29.jar -XX:+ShowCodeDetailsInExceptionMessages 
java_command: home
java_class_path (initial): D:\Eclipse\Research Analysis Wing\bin
Launcher Type: SUN_STANDARD

[Global flags]
     intx CICompilerCount                          = 12                                        {product} {ergonomic}
     uint ConcGCThreads                            = 3                                         {product} {ergonomic}
     uint G1ConcRefinementThreads                  = 13                                        {product} {ergonomic}
   size_t G1HeapRegionSize                         = 2097152                                   {product} {ergonomic}
    uintx GCDrainStackTargetSize                   = 64                                        {product} {ergonomic}
   size_t InitialHeapSize                          = 257949696                                 {product} {ergonomic}
   size_t MarkStackSize                            = 4194304                                   {product} {ergonomic}
   size_t MaxHeapSize                              = 4097835008                                {product} {ergonomic}
   size_t MaxNewSize                               = 2457862144                                {product} {ergonomic}
   size_t MinHeapDeltaBytes                        = 2097152                                   {product} {ergonomic}
   size_t MinHeapSize                              = 8388608                                   {product} {ergonomic}
    uintx NonNMethodCodeHeapSize                   = 7602480                                {pd product} {ergonomic}
    uintx NonProfiledCodeHeapSize                  = 122027880                              {pd product} {ergonomic}
    uintx ProfiledCodeHeapSize                     = 122027880                              {pd product} {ergonomic}
    uintx ReservedCodeCacheSize                    = 251658240                              {pd product} {ergonomic}
     bool SegmentedCodeCache                       = true                                      {product} {ergonomic}
     bool ShowCodeDetailsInExceptionMessages       = true                                   {manageable} {command line}
   size_t SoftMaxHeapSize                          = 4097835008                             {manageable} {ergonomic}
     bool UseCompressedClassPointers               = true                           {product lp64_product} {ergonomic}
     bool UseCompressedOops                        = true                           {product lp64_product} {ergonomic}
     bool UseG1GC                                  = true                                      {product} {ergonomic}
     bool UseLargePagesIndividualAllocation        = false                                  {pd product} {ergonomic}

Logging:
Log output configuration:
 #0: stdout all=warning uptime,level,tags
 #1: stderr all=off uptime,level,tags

Environment Variables:
PATH=C:/Users/SANKET/.p2/pool/plugins/org.eclipse.justj.openjdk.hotspot.jre.full.win32.x86_64_17.0.2.v20220201-1208/jre/bin/server;C:/Users/SANKET/.p2/pool/plugins/org.eclipse.justj.openjdk.hotspot.jre.full.win32.x86_64_17.0.2.v20220201-1208/jre/bin;C:\Windows\system32;C:\Windows;C:\Windows\System32\Wbem;C:\Windows\System32\WindowsPowerShell\v1.0\;C:\Windows\System32\OpenSSH\;C:\Program Files (x86)\NVIDIA Corporation\PhysX\Common;C:\Program Files\NVIDIA Corporation\NVIDIA NvDLISR;C:\Users\SANKET\AppData\Local\Programs\Python\Python310\Scripts\;C:\Users\SANKET\AppData\Local\Programs\Python\Python310\;C:\Users\SANKET\AppData\Local\Microsoft\WindowsApps;;C:\Users\SANKET\Desktop;
USERNAME=SANKET
OS=Windows_NT
PROCESSOR_IDENTIFIER=AMD64 Family 25 Model 68 Stepping 1, AuthenticAMD



---------------  S Y S T E M  ---------------

OS:
 Windows 11 , 64 bit Build 22000 (10.0.22000.708)
OS uptime: 2 days 13:37 hours

CPU: total 16 (initial active 16) (16 cores per cpu, 2 threads per core) family 25 model 68 stepping 1 microcode 0x0, cx8, cmov, fxsr, ht, mmx, 3dnowpref, sse, sse2, sse3, ssse3, sse4a, sse4.1, sse4.2, popcnt, lzcnt, tsc, tscinvbit, avx, avx2, aes, clmul, bmi1, bmi2, adx, sha, fma, vzeroupper, clflush, clflushopt

Memory: 4k page, system-wide physical 15629M (695M free)
TotalPageFile size 55276M (AvailPageFile size 4M)
current process WorkingSet (physical memory assigned to process): 152M, peak: 152M
current process commit charge ("private bytes"): 435M, peak: 435M

vm_info: OpenJDK 64-Bit Server VM (17.0.2+8) for windows-amd64 JRE (17.0.2+8), built on Jan 20 2022 04:52:34 by "" with MS VC++ 16.7 (VS2019)

END.
