#
# There is insufficient memory for the Java Runtime Environment to continue.
# Native memory allocation (mmap) failed to map 65536 bytes for Failed to commit metaspace.
# Possible reasons:
#   The system is out of physical RAM or swap space
#   The process is running with CompressedOops enabled, and the Java Heap may be blocking the growth of the native heap
# Possible solutions:
#   Reduce memory load on the system
#   Increase physical memory or swap space
#   Check if swap backing store is full
#   Decrease Java heap size (-Xmx/-Xms)
#   Decrease number of Java threads
#   Decrease Java thread stack sizes (-Xss)
#   Set larger code cache with -XX:ReservedCodeCacheSize=
#   JVM is running with Zero Based Compressed Oops mode in which the Java heap is
#     placed in the first 32GB address space. The Java Heap base address is the
#     maximum limit for the native heap growth. Please use -XX:HeapBaseMinAddress
#     to set the Java Heap base and to place the Java Heap above 32GB virtual address.
# This output file may be truncated or incomplete.
#
#  Out of Memory Error (virtualSpaceNode.cpp:110), pid=35376, tid=33668
#
# JRE version: OpenJDK Runtime Environment Temurin-17.0.2+8 (17.0.2+8) (build 17.0.2+8)
# Java VM: OpenJDK 64-Bit Server VM Temurin-17.0.2+8 (17.0.2+8, mixed mode, tiered, compressed oops, compressed class ptrs, g1 gc, windows-amd64)
# No core dump will be written. Minidumps are not enabled by default on client versions of Windows
#

---------------  S U M M A R Y ------------

Command Line: -Dfile.encoding=UTF-8 --module-path=D:\JarFiles\mysql-connector-java-8.0.29.jar;C:\Users\SANKET\Desktop\New folder\jcalendar-1.4.jar -XX:+ShowCodeDetailsInExceptionMessages home

Host: AMD Ryzen 7 6800H with Radeon Graphics         , 16 cores, 15G,  Windows 11 , 64 bit Build 22000 (10.0.22000.708)
Time: Tue Jun 28 22:47:15 2022 India Standard Time elapsed time: 0.366362 seconds (0d 0h 0m 0s)

---------------  T H R E A D  ---------------

Current thread (0x000001fec792d860):  JavaThread "main" [_thread_in_vm, id=33668, stack(0x000000118bd00000,0x000000118be00000)]

Stack: [0x000000118bd00000,0x000000118be00000]
Native frames: (J=compiled Java code, j=interpreted, Vv=VM code, C=native code)
V  [jvm.dll+0x67564a]
V  [jvm.dll+0x82fc04]
V  [jvm.dll+0x8313ae]
V  [jvm.dll+0x831a13]
V  [jvm.dll+0x245235]
V  [jvm.dll+0x82bbab]
V  [jvm.dll+0x61a336]
V  [jvm.dll+0x1c016e]
V  [jvm.dll+0x61cc81]
V  [jvm.dll+0x61acd6]
V  [jvm.dll+0x242c8c]
V  [jvm.dll+0x6cb9ed]
V  [jvm.dll+0x6cc41f]
V  [jvm.dll+0x36f9b3]
V  [jvm.dll+0x36eb72]
V  [jvm.dll+0x36eb18]
V  [jvm.dll+0x55ca95]
V  [jvm.dll+0x55bbbd]
V  [jvm.dll+0x382937]
V  [jvm.dll+0x381f8f]
C  0x000001fecb00a622

Java frames: (J=compiled Java code, j=interpreted, Vv=VM code)
j  javax.swing.JComboBox.<init>([Ljava/lang/Object;)V+27 java.desktop@17.0.2
j  home.<init>()V+243
j  home.main([Ljava/lang/String;)V+3
v  ~StubRoutines::call_stub

---------------  P R O C E S S  ---------------

Threads class SMR info:
_java_thread_list=0x000001fee7617eb0, length=20, elements={
0x000001fec792d860, 0x000001fee7445e80, 0x000001fee7447300, 0x000001fee6a2e750,
0x000001fee7487410, 0x000001fee74880d0, 0x000001fee7489090, 0x000001fee7495280,
0x000001fee7495c70, 0x000001fee749a180, 0x000001fee76199c0, 0x000001fee7637960,
0x000001fee7724000, 0x000001fee7724510, 0x000001fee7779a80, 0x000001fee77a8a90,
0x000001fee79922c0, 0x000001fee7a69d80, 0x000001fee7aaf5a0, 0x000001fee7ab4540
}

Java Threads: ( => current thread )
=>0x000001fec792d860 JavaThread "main" [_thread_in_vm, id=33668, stack(0x000000118bd00000,0x000000118be00000)]
  0x000001fee7445e80 JavaThread "Reference Handler" daemon [_thread_blocked, id=28876, stack(0x000000118c400000,0x000000118c500000)]
  0x000001fee7447300 JavaThread "Finalizer" daemon [_thread_blocked, id=12084, stack(0x000000118c500000,0x000000118c600000)]
  0x000001fee6a2e750 JavaThread "Signal Dispatcher" daemon [_thread_blocked, id=30732, stack(0x000000118c600000,0x000000118c700000)]
  0x000001fee7487410 JavaThread "Attach Listener" daemon [_thread_blocked, id=27976, stack(0x000000118c700000,0x000000118c800000)]
  0x000001fee74880d0 JavaThread "Service Thread" daemon [_thread_blocked, id=528, stack(0x000000118c800000,0x000000118c900000)]
  0x000001fee7489090 JavaThread "Monitor Deflation Thread" daemon [_thread_blocked, id=27412, stack(0x000000118c900000,0x000000118ca00000)]
  0x000001fee7495280 JavaThread "C2 CompilerThread0" daemon [_thread_blocked, id=22760, stack(0x000000118ca00000,0x000000118cb00000)]
  0x000001fee7495c70 JavaThread "C1 CompilerThread0" daemon [_thread_blocked, id=24672, stack(0x000000118cb00000,0x000000118cc00000)]
  0x000001fee749a180 JavaThread "Sweeper thread" daemon [_thread_blocked, id=33264, stack(0x000000118cc00000,0x000000118cd00000)]
  0x000001fee76199c0 JavaThread "Common-Cleaner" daemon [_thread_blocked, id=17244, stack(0x000000118cd00000,0x000000118ce00000)]
  0x000001fee7637960 JavaThread "C1 CompilerThread1" daemon [_thread_blocked, id=23812, stack(0x000000118ce00000,0x000000118cf00000)]
  0x000001fee7724000 JavaThread "C1 CompilerThread2" daemon [_thread_blocked, id=776, stack(0x000000118cf00000,0x000000118d000000)]
  0x000001fee7724510 JavaThread "C1 CompilerThread3" daemon [_thread_blocked, id=2200, stack(0x000000118d000000,0x000000118d100000)]
  0x000001fee7779a80 JavaThread "C2 CompilerThread1" daemon [_thread_blocked, id=24684, stack(0x000000118d100000,0x000000118d200000)]
  0x000001fee77a8a90 JavaThread "C2 CompilerThread2" daemon [_thread_blocked, id=9516, stack(0x000000118d200000,0x000000118d300000)]
  0x000001fee79922c0 JavaThread "Notification Thread" daemon [_thread_blocked, id=30540, stack(0x000000118d300000,0x000000118d400000)]
  0x000001fee7a69d80 JavaThread "Java2D Disposer" daemon [_thread_blocked, id=30068, stack(0x000000118d500000,0x000000118d600000)]
  0x000001fee7aaf5a0 JavaThread "AWT-Shutdown" [_thread_blocked, id=28416, stack(0x000000118d600000,0x000000118d700000)]
  0x000001fee7ab4540 JavaThread "AWT-Windows" daemon [_thread_in_native, id=26668, stack(0x000000118d700000,0x000000118d800000)]

Other Threads:
  0x000001fee6a29440 VMThread "VM Thread" [stack: 0x000000118c300000,0x000000118c400000] [id=30668]
  0x000001fee78bcf90 WatcherThread [stack: 0x000000118d400000,0x000000118d500000] [id=4244]
  0x000001fec797c860 GCTaskThread "GC Thread#0" [stack: 0x000000118be00000,0x000000118bf00000] [id=37348]
  0x000001fec798d3f0 ConcurrentGCThread "G1 Main Marker" [stack: 0x000000118bf00000,0x000000118c000000] [id=11128]
  0x000001fec798e5a0 ConcurrentGCThread "G1 Conc#0" [stack: 0x000000118c000000,0x000000118c100000] [id=21196]
  0x000001fee68b34e0 ConcurrentGCThread "G1 Refine#0" [stack: 0x000000118c100000,0x000000118c200000] [id=35220]
  0x000001fee68b3e00 ConcurrentGCThread "G1 Service" [stack: 0x000000118c200000,0x000000118c300000] [id=16512]

Threads with active compile tasks:

VM state: not at safepoint (normal execution)

VM Mutex/Monitor currently owned by a thread:  ([mutex/lock_event])
[0x000001fec7925e20] Metaspace_lock - owner thread: 0x000001fec792d860

Heap address: 0x000000070bc00000, size: 3908 MB, Compressed Oops mode: Zero based, Oop shift amount: 3

CDS archive(s) not mapped
Compressed class space mapped at: 0x0000000800000000-0x0000000840000000, reserved size: 1073741824
Narrow klass base: 0x0000000800000000, Narrow klass shift: 0, Narrow klass range: 0x40000000

GC Precious Log:
 CPUs: 16 total, 16 available
 Memory: 15629M
 Large Page Support: Disabled
 NUMA Support: Disabled
 Compressed Oops: Enabled (Zero based)
 Heap Region Size: 2M
 Heap Min Capacity: 8M
 Heap Initial Capacity: 246M
 Heap Max Capacity: 3908M
 Pre-touch: Disabled
 Parallel Workers: 13
 Concurrent Workers: 3
 Concurrent Refinement Workers: 13
 Periodic GC: Disabled

Heap:
 garbage-first heap   total 251904K, used 6144K [0x000000070bc00000, 0x0000000800000000)
  region size 2048K, 4 young (8192K), 0 survivors (0K)
 Metaspace       used 11191K, committed 11392K, reserved 1064960K
  class space    used 1081K, committed 1216K, reserved 1048576K

Heap Regions: E=young(eden), S=young(survivor), O=old, HS=humongous(starts), HC=humongous(continues), CS=collection set, F=free, OA=open archive, CA=closed archive, TAMS=top-at-mark-start (previous, next)
|   0|0x000000070bc00000, 0x000000070bc00000, 0x000000070be00000|  0%| F|  |TAMS 0x000000070bc00000, 0x000000070bc00000| Untracked 
|   1|0x000000070be00000, 0x000000070be00000, 0x000000070c000000|  0%| F|  |TAMS 0x000000070be00000, 0x000000070be00000| Untracked 
|   2|0x000000070c000000, 0x000000070c000000, 0x000000070c200000|  0%| F|  |TAMS 0x000000070c000000, 0x000000070c000000| Untracked 
|   3|0x000000070c200000, 0x000000070c200000, 0x000000070c400000|  0%| F|  |TAMS 0x000000070c200000, 0x000000070c200000| Untracked 
|   4|0x000000070c400000, 0x000000070c400000, 0x000000070c600000|  0%| F|  |TAMS 0x000000070c400000, 0x000000070c400000| Untracked 
|   5|0x000000070c600000, 0x000000070c600000, 0x000000070c800000|  0%| F|  |TAMS 0x000000070c600000, 0x000000070c600000| Untracked 
|   6|0x000000070c800000, 0x000000070c800000, 0x000000070ca00000|  0%| F|  |TAMS 0x000000070c800000, 0x000000070c800000| Untracked 
|   7|0x000000070ca00000, 0x000000070ca00000, 0x000000070cc00000|  0%| F|  |TAMS 0x000000070ca00000, 0x000000070ca00000| Untracked 
|   8|0x000000070cc00000, 0x000000070cc00000, 0x000000070ce00000|  0%| F|  |TAMS 0x000000070cc00000, 0x000000070cc00000| Untracked 
|   9|0x000000070ce00000, 0x000000070ce00000, 0x000000070d000000|  0%| F|  |TAMS 0x000000070ce00000, 0x000000070ce00000| Untracked 
|  10|0x000000070d000000, 0x000000070d000000, 0x000000070d200000|  0%| F|  |TAMS 0x000000070d000000, 0x000000070d000000| Untracked 
|  11|0x000000070d200000, 0x000000070d200000, 0x000000070d400000|  0%| F|  |TAMS 0x000000070d200000, 0x000000070d200000| Untracked 
|  12|0x000000070d400000, 0x000000070d400000, 0x000000070d600000|  0%| F|  |TAMS 0x000000070d400000, 0x000000070d400000| Untracked 
|  13|0x000000070d600000, 0x000000070d600000, 0x000000070d800000|  0%| F|  |TAMS 0x000000070d600000, 0x000000070d600000| Untracked 
|  14|0x000000070d800000, 0x000000070d800000, 0x000000070da00000|  0%| F|  |TAMS 0x000000070d800000, 0x000000070d800000| Untracked 
|  15|0x000000070da00000, 0x000000070da00000, 0x000000070dc00000|  0%| F|  |TAMS 0x000000070da00000, 0x000000070da00000| Untracked 
|  16|0x000000070dc00000, 0x000000070dc00000, 0x000000070de00000|  0%| F|  |TAMS 0x000000070dc00000, 0x000000070dc00000| Untracked 
|  17|0x000000070de00000, 0x000000070de00000, 0x000000070e000000|  0%| F|  |TAMS 0x000000070de00000, 0x000000070de00000| Untracked 
|  18|0x000000070e000000, 0x000000070e000000, 0x000000070e200000|  0%| F|  |TAMS 0x000000070e000000, 0x000000070e000000| Untracked 
|  19|0x000000070e200000, 0x000000070e200000, 0x000000070e400000|  0%| F|  |TAMS 0x000000070e200000, 0x000000070e200000| Untracked 
|  20|0x000000070e400000, 0x000000070e400000, 0x000000070e600000|  0%| F|  |TAMS 0x000000070e400000, 0x000000070e400000| Untracked 
|  21|0x000000070e600000, 0x000000070e600000, 0x000000070e800000|  0%| F|  |TAMS 0x000000070e600000, 0x000000070e600000| Untracked 
|  22|0x000000070e800000, 0x000000070e800000, 0x000000070ea00000|  0%| F|  |TAMS 0x000000070e800000, 0x000000070e800000| Untracked 
|  23|0x000000070ea00000, 0x000000070ea00000, 0x000000070ec00000|  0%| F|  |TAMS 0x000000070ea00000, 0x000000070ea00000| Untracked 
|  24|0x000000070ec00000, 0x000000070ec00000, 0x000000070ee00000|  0%| F|  |TAMS 0x000000070ec00000, 0x000000070ec00000| Untracked 
|  25|0x000000070ee00000, 0x000000070ee00000, 0x000000070f000000|  0%| F|  |TAMS 0x000000070ee00000, 0x000000070ee00000| Untracked 
|  26|0x000000070f000000, 0x000000070f000000, 0x000000070f200000|  0%| F|  |TAMS 0x000000070f000000, 0x000000070f000000| Untracked 
|  27|0x000000070f200000, 0x000000070f200000, 0x000000070f400000|  0%| F|  |TAMS 0x000000070f200000, 0x000000070f200000| Untracked 
|  28|0x000000070f400000, 0x000000070f400000, 0x000000070f600000|  0%| F|  |TAMS 0x000000070f400000, 0x000000070f400000| Untracked 
|  29|0x000000070f600000, 0x000000070f600000, 0x000000070f800000|  0%| F|  |TAMS 0x000000070f600000, 0x000000070f600000| Untracked 
|  30|0x000000070f800000, 0x000000070f800000, 0x000000070fa00000|  0%| F|  |TAMS 0x000000070f800000, 0x000000070f800000| Untracked 
|  31|0x000000070fa00000, 0x000000070fa00000, 0x000000070fc00000|  0%| F|  |TAMS 0x000000070fa00000, 0x000000070fa00000| Untracked 
|  32|0x000000070fc00000, 0x000000070fc00000, 0x000000070fe00000|  0%| F|  |TAMS 0x000000070fc00000, 0x000000070fc00000| Untracked 
|  33|0x000000070fe00000, 0x000000070fe00000, 0x0000000710000000|  0%| F|  |TAMS 0x000000070fe00000, 0x000000070fe00000| Untracked 
|  34|0x0000000710000000, 0x0000000710000000, 0x0000000710200000|  0%| F|  |TAMS 0x0000000710000000, 0x0000000710000000| Untracked 
|  35|0x0000000710200000, 0x0000000710200000, 0x0000000710400000|  0%| F|  |TAMS 0x0000000710200000, 0x0000000710200000| Untracked 
|  36|0x0000000710400000, 0x0000000710400000, 0x0000000710600000|  0%| F|  |TAMS 0x0000000710400000, 0x0000000710400000| Untracked 
|  37|0x0000000710600000, 0x0000000710600000, 0x0000000710800000|  0%| F|  |TAMS 0x0000000710600000, 0x0000000710600000| Untracked 
|  38|0x0000000710800000, 0x0000000710800000, 0x0000000710a00000|  0%| F|  |TAMS 0x0000000710800000, 0x0000000710800000| Untracked 
|  39|0x0000000710a00000, 0x0000000710a00000, 0x0000000710c00000|  0%| F|  |TAMS 0x0000000710a00000, 0x0000000710a00000| Untracked 
|  40|0x0000000710c00000, 0x0000000710c00000, 0x0000000710e00000|  0%| F|  |TAMS 0x0000000710c00000, 0x0000000710c00000| Untracked 
|  41|0x0000000710e00000, 0x0000000710e00000, 0x0000000711000000|  0%| F|  |TAMS 0x0000000710e00000, 0x0000000710e00000| Untracked 
|  42|0x0000000711000000, 0x0000000711000000, 0x0000000711200000|  0%| F|  |TAMS 0x0000000711000000, 0x0000000711000000| Untracked 
|  43|0x0000000711200000, 0x0000000711200000, 0x0000000711400000|  0%| F|  |TAMS 0x0000000711200000, 0x0000000711200000| Untracked 
|  44|0x0000000711400000, 0x0000000711400000, 0x0000000711600000|  0%| F|  |TAMS 0x0000000711400000, 0x0000000711400000| Untracked 
|  45|0x0000000711600000, 0x0000000711600000, 0x0000000711800000|  0%| F|  |TAMS 0x0000000711600000, 0x0000000711600000| Untracked 
|  46|0x0000000711800000, 0x0000000711800000, 0x0000000711a00000|  0%| F|  |TAMS 0x0000000711800000, 0x0000000711800000| Untracked 
|  47|0x0000000711a00000, 0x0000000711a00000, 0x0000000711c00000|  0%| F|  |TAMS 0x0000000711a00000, 0x0000000711a00000| Untracked 
|  48|0x0000000711c00000, 0x0000000711c00000, 0x0000000711e00000|  0%| F|  |TAMS 0x0000000711c00000, 0x0000000711c00000| Untracked 
|  49|0x0000000711e00000, 0x0000000711e00000, 0x0000000712000000|  0%| F|  |TAMS 0x0000000711e00000, 0x0000000711e00000| Untracked 
|  50|0x0000000712000000, 0x0000000712000000, 0x0000000712200000|  0%| F|  |TAMS 0x0000000712000000, 0x0000000712000000| Untracked 
|  51|0x0000000712200000, 0x0000000712200000, 0x0000000712400000|  0%| F|  |TAMS 0x0000000712200000, 0x0000000712200000| Untracked 
|  52|0x0000000712400000, 0x0000000712400000, 0x0000000712600000|  0%| F|  |TAMS 0x0000000712400000, 0x0000000712400000| Untracked 
|  53|0x0000000712600000, 0x0000000712600000, 0x0000000712800000|  0%| F|  |TAMS 0x0000000712600000, 0x0000000712600000| Untracked 
|  54|0x0000000712800000, 0x0000000712800000, 0x0000000712a00000|  0%| F|  |TAMS 0x0000000712800000, 0x0000000712800000| Untracked 
|  55|0x0000000712a00000, 0x0000000712a00000, 0x0000000712c00000|  0%| F|  |TAMS 0x0000000712a00000, 0x0000000712a00000| Untracked 
|  56|0x0000000712c00000, 0x0000000712c00000, 0x0000000712e00000|  0%| F|  |TAMS 0x0000000712c00000, 0x0000000712c00000| Untracked 
|  57|0x0000000712e00000, 0x0000000712e00000, 0x0000000713000000|  0%| F|  |TAMS 0x0000000712e00000, 0x0000000712e00000| Untracked 
|  58|0x0000000713000000, 0x0000000713000000, 0x0000000713200000|  0%| F|  |TAMS 0x0000000713000000, 0x0000000713000000| Untracked 
|  59|0x0000000713200000, 0x0000000713200000, 0x0000000713400000|  0%| F|  |TAMS 0x0000000713200000, 0x0000000713200000| Untracked 
|  60|0x0000000713400000, 0x0000000713400000, 0x0000000713600000|  0%| F|  |TAMS 0x0000000713400000, 0x0000000713400000| Untracked 
|  61|0x0000000713600000, 0x0000000713600000, 0x0000000713800000|  0%| F|  |TAMS 0x0000000713600000, 0x0000000713600000| Untracked 
|  62|0x0000000713800000, 0x0000000713800000, 0x0000000713a00000|  0%| F|  |TAMS 0x0000000713800000, 0x0000000713800000| Untracked 
|  63|0x0000000713a00000, 0x0000000713a00000, 0x0000000713c00000|  0%| F|  |TAMS 0x0000000713a00000, 0x0000000713a00000| Untracked 
|  64|0x0000000713c00000, 0x0000000713c00000, 0x0000000713e00000|  0%| F|  |TAMS 0x0000000713c00000, 0x0000000713c00000| Untracked 
|  65|0x0000000713e00000, 0x0000000713e00000, 0x0000000714000000|  0%| F|  |TAMS 0x0000000713e00000, 0x0000000713e00000| Untracked 
|  66|0x0000000714000000, 0x0000000714000000, 0x0000000714200000|  0%| F|  |TAMS 0x0000000714000000, 0x0000000714000000| Untracked 
|  67|0x0000000714200000, 0x0000000714200000, 0x0000000714400000|  0%| F|  |TAMS 0x0000000714200000, 0x0000000714200000| Untracked 
|  68|0x0000000714400000, 0x0000000714400000, 0x0000000714600000|  0%| F|  |TAMS 0x0000000714400000, 0x0000000714400000| Untracked 
|  69|0x0000000714600000, 0x0000000714600000, 0x0000000714800000|  0%| F|  |TAMS 0x0000000714600000, 0x0000000714600000| Untracked 
|  70|0x0000000714800000, 0x0000000714800000, 0x0000000714a00000|  0%| F|  |TAMS 0x0000000714800000, 0x0000000714800000| Untracked 
|  71|0x0000000714a00000, 0x0000000714a00000, 0x0000000714c00000|  0%| F|  |TAMS 0x0000000714a00000, 0x0000000714a00000| Untracked 
|  72|0x0000000714c00000, 0x0000000714c00000, 0x0000000714e00000|  0%| F|  |TAMS 0x0000000714c00000, 0x0000000714c00000| Untracked 
|  73|0x0000000714e00000, 0x0000000714e00000, 0x0000000715000000|  0%| F|  |TAMS 0x0000000714e00000, 0x0000000714e00000| Untracked 
|  74|0x0000000715000000, 0x0000000715000000, 0x0000000715200000|  0%| F|  |TAMS 0x0000000715000000, 0x0000000715000000| Untracked 
|  75|0x0000000715200000, 0x0000000715200000, 0x0000000715400000|  0%| F|  |TAMS 0x0000000715200000, 0x0000000715200000| Untracked 
|  76|0x0000000715400000, 0x0000000715400000, 0x0000000715600000|  0%| F|  |TAMS 0x0000000715400000, 0x0000000715400000| Untracked 
|  77|0x0000000715600000, 0x0000000715600000, 0x0000000715800000|  0%| F|  |TAMS 0x0000000715600000, 0x0000000715600000| Untracked 
|  78|0x0000000715800000, 0x0000000715800000, 0x0000000715a00000|  0%| F|  |TAMS 0x0000000715800000, 0x0000000715800000| Untracked 
|  79|0x0000000715a00000, 0x0000000715a00000, 0x0000000715c00000|  0%| F|  |TAMS 0x0000000715a00000, 0x0000000715a00000| Untracked 
|  80|0x0000000715c00000, 0x0000000715c00000, 0x0000000715e00000|  0%| F|  |TAMS 0x0000000715c00000, 0x0000000715c00000| Untracked 
|  81|0x0000000715e00000, 0x0000000715e00000, 0x0000000716000000|  0%| F|  |TAMS 0x0000000715e00000, 0x0000000715e00000| Untracked 
|  82|0x0000000716000000, 0x0000000716000000, 0x0000000716200000|  0%| F|  |TAMS 0x0000000716000000, 0x0000000716000000| Untracked 
|  83|0x0000000716200000, 0x0000000716200000, 0x0000000716400000|  0%| F|  |TAMS 0x0000000716200000, 0x0000000716200000| Untracked 
|  84|0x0000000716400000, 0x0000000716400000, 0x0000000716600000|  0%| F|  |TAMS 0x0000000716400000, 0x0000000716400000| Untracked 
|  85|0x0000000716600000, 0x0000000716600000, 0x0000000716800000|  0%| F|  |TAMS 0x0000000716600000, 0x0000000716600000| Untracked 
|  86|0x0000000716800000, 0x0000000716800000, 0x0000000716a00000|  0%| F|  |TAMS 0x0000000716800000, 0x0000000716800000| Untracked 
|  87|0x0000000716a00000, 0x0000000716a00000, 0x0000000716c00000|  0%| F|  |TAMS 0x0000000716a00000, 0x0000000716a00000| Untracked 
|  88|0x0000000716c00000, 0x0000000716c00000, 0x0000000716e00000|  0%| F|  |TAMS 0x0000000716c00000, 0x0000000716c00000| Untracked 
|  89|0x0000000716e00000, 0x0000000716e00000, 0x0000000717000000|  0%| F|  |TAMS 0x0000000716e00000, 0x0000000716e00000| Untracked 
|  90|0x0000000717000000, 0x0000000717000000, 0x0000000717200000|  0%| F|  |TAMS 0x0000000717000000, 0x0000000717000000| Untracked 
|  91|0x0000000717200000, 0x0000000717200000, 0x0000000717400000|  0%| F|  |TAMS 0x0000000717200000, 0x0000000717200000| Untracked 
|  92|0x0000000717400000, 0x0000000717400000, 0x0000000717600000|  0%| F|  |TAMS 0x0000000717400000, 0x0000000717400000| Untracked 
|  93|0x0000000717600000, 0x0000000717600000, 0x0000000717800000|  0%| F|  |TAMS 0x0000000717600000, 0x0000000717600000| Untracked 
|  94|0x0000000717800000, 0x0000000717800000, 0x0000000717a00000|  0%| F|  |TAMS 0x0000000717800000, 0x0000000717800000| Untracked 
|  95|0x0000000717a00000, 0x0000000717a00000, 0x0000000717c00000|  0%| F|  |TAMS 0x0000000717a00000, 0x0000000717a00000| Untracked 
|  96|0x0000000717c00000, 0x0000000717c00000, 0x0000000717e00000|  0%| F|  |TAMS 0x0000000717c00000, 0x0000000717c00000| Untracked 
|  97|0x0000000717e00000, 0x0000000717e00000, 0x0000000718000000|  0%| F|  |TAMS 0x0000000717e00000, 0x0000000717e00000| Untracked 
|  98|0x0000000718000000, 0x0000000718000000, 0x0000000718200000|  0%| F|  |TAMS 0x0000000718000000, 0x0000000718000000| Untracked 
|  99|0x0000000718200000, 0x0000000718200000, 0x0000000718400000|  0%| F|  |TAMS 0x0000000718200000, 0x0000000718200000| Untracked 
| 100|0x0000000718400000, 0x0000000718400000, 0x0000000718600000|  0%| F|  |TAMS 0x0000000718400000, 0x0000000718400000| Untracked 
| 101|0x0000000718600000, 0x0000000718600000, 0x0000000718800000|  0%| F|  |TAMS 0x0000000718600000, 0x0000000718600000| Untracked 
| 102|0x0000000718800000, 0x0000000718800000, 0x0000000718a00000|  0%| F|  |TAMS 0x0000000718800000, 0x0000000718800000| Untracked 
| 103|0x0000000718a00000, 0x0000000718a00000, 0x0000000718c00000|  0%| F|  |TAMS 0x0000000718a00000, 0x0000000718a00000| Untracked 
| 104|0x0000000718c00000, 0x0000000718c00000, 0x0000000718e00000|  0%| F|  |TAMS 0x0000000718c00000, 0x0000000718c00000| Untracked 
| 105|0x0000000718e00000, 0x0000000718e00000, 0x0000000719000000|  0%| F|  |TAMS 0x0000000718e00000, 0x0000000718e00000| Untracked 
| 106|0x0000000719000000, 0x0000000719000000, 0x0000000719200000|  0%| F|  |TAMS 0x0000000719000000, 0x0000000719000000| Untracked 
| 107|0x0000000719200000, 0x0000000719200000, 0x0000000719400000|  0%| F|  |TAMS 0x0000000719200000, 0x0000000719200000| Untracked 
| 108|0x0000000719400000, 0x0000000719400000, 0x0000000719600000|  0%| F|  |TAMS 0x0000000719400000, 0x0000000719400000| Untracked 
| 109|0x0000000719600000, 0x0000000719600000, 0x0000000719800000|  0%| F|  |TAMS 0x0000000719600000, 0x0000000719600000| Untracked 
| 110|0x0000000719800000, 0x0000000719800000, 0x0000000719a00000|  0%| F|  |TAMS 0x0000000719800000, 0x0000000719800000| Untracked 
| 111|0x0000000719a00000, 0x0000000719a00000, 0x0000000719c00000|  0%| F|  |TAMS 0x0000000719a00000, 0x0000000719a00000| Untracked 
| 112|0x0000000719c00000, 0x0000000719c00000, 0x0000000719e00000|  0%| F|  |TAMS 0x0000000719c00000, 0x0000000719c00000| Untracked 
| 113|0x0000000719e00000, 0x0000000719e00000, 0x000000071a000000|  0%| F|  |TAMS 0x0000000719e00000, 0x0000000719e00000| Untracked 
| 114|0x000000071a000000, 0x000000071a000000, 0x000000071a200000|  0%| F|  |TAMS 0x000000071a000000, 0x000000071a000000| Untracked 
| 115|0x000000071a200000, 0x000000071a200000, 0x000000071a400000|  0%| F|  |TAMS 0x000000071a200000, 0x000000071a200000| Untracked 
| 116|0x000000071a400000, 0x000000071a400000, 0x000000071a600000|  0%| F|  |TAMS 0x000000071a400000, 0x000000071a400000| Untracked 
| 117|0x000000071a600000, 0x000000071a600000, 0x000000071a800000|  0%| F|  |TAMS 0x000000071a600000, 0x000000071a600000| Untracked 
| 118|0x000000071a800000, 0x000000071a800000, 0x000000071aa00000|  0%| F|  |TAMS 0x000000071a800000, 0x000000071a800000| Untracked 
| 119|0x000000071aa00000, 0x000000071ab52718, 0x000000071ac00000| 66%| E|  |TAMS 0x000000071aa00000, 0x000000071aa00000| Complete 
| 120|0x000000071ac00000, 0x000000071ae00000, 0x000000071ae00000|100%| E|CS|TAMS 0x000000071ac00000, 0x000000071ac00000| Complete 
| 121|0x000000071ae00000, 0x000000071b000000, 0x000000071b000000|100%| E|CS|TAMS 0x000000071ae00000, 0x000000071ae00000| Complete 
| 122|0x000000071b000000, 0x000000071b200000, 0x000000071b200000|100%| E|CS|TAMS 0x000000071b000000, 0x000000071b000000| Complete 

Card table byte_map: [0x000001fedb020000,0x000001fedb7d0000] _byte_map_base: 0x000001fed77c2000

Marking Bits (Prev, Next): (CMBitMap*) 0x000001fec797d680, (CMBitMap*) 0x000001fec797d6c0
 Prev Bits: [0x000001fedbf80000, 0x000001fedfc90000)
 Next Bits: [0x000001fedfc90000, 0x000001fee39a0000)

Polling page: 0x000001fec5880000

Metaspace:

Usage:
  Non-class:      9.87 MB used.
      Class:      1.06 MB used.
       Both:     10.93 MB used.

Virtual space:
  Non-class space:       16.00 MB reserved,       9.94 MB ( 62%) committed,  2 nodes.
      Class space:        1.00 GB reserved,       1.19 MB ( <1%) committed,  1 nodes.
             Both:        1.02 GB reserved,      11.12 MB (  1%) committed. 

Chunk freelists:
   Non-Class:  2.04 MB
       Class:  2.74 MB
        Both:  4.78 MB

MaxMetaspaceSize: unlimited
CompressedClassSpaceSize: 1.00 GB
Initial GC threshold: 21.00 MB
Current GC threshold: 21.00 MB
CDS: off
MetaspaceReclaimPolicy: balanced
 - commit_granule_bytes: 65536.
 - commit_granule_words: 8192.
 - virtual_space_node_default_size: 1048576.
 - enlarge_chunks_in_place: 1.
 - new_chunks_are_fully_committed: 0.
 - uncommit_free_chunks: 1.
 - use_allocation_guard: 0.
 - handle_deallocations: 1.


Internal statistics:

num_allocs_failed_limit: 0.
num_arena_births: 94.
num_arena_deaths: 0.
num_vsnodes_births: 3.
num_vsnodes_deaths: 0.
num_space_committed: 178.
num_space_uncommitted: 0.
num_chunks_returned_to_freelist: 0.
num_chunks_taken_from_freelist: 152.
num_chunk_merges: 0.
num_chunk_splits: 76.
num_chunks_enlarged: 26.
num_purges: 0.
num_inconsistent_stats: 0.

CodeHeap 'non-profiled nmethods': size=119168Kb used=213Kb max_used=213Kb free=118954Kb
 bounds [0x000001fed2b90000, 0x000001fed2e00000, 0x000001fed9ff0000]
CodeHeap 'profiled nmethods': size=119104Kb used=1135Kb max_used=1135Kb free=117969Kb
 bounds [0x000001fecb740000, 0x000001fecb9b0000, 0x000001fed2b90000]
CodeHeap 'non-nmethods': size=7488Kb used=2874Kb max_used=2885Kb free=4614Kb
 bounds [0x000001fecaff0000, 0x000001fecb2d0000, 0x000001fecb740000]
 total_blobs=1219 nmethods=731 adapters=398
 compilation: enabled
              stopped_count=0, restarted_count=0
 full_count=0

Compilation events (20 events):
Event: 0.361 Thread 0x000001fee7495c70 nmethod 722 0x000001fecb855110 code [0x000001fecb855380, 0x000001fecb855c38]
Event: 0.362 Thread 0x000001fee7724510 nmethod 720 0x000001fecb855e90 code [0x000001fecb8561a0, 0x000001fecb857168]
Event: 0.363 Thread 0x000001fee7495c70  723       1       java.lang.reflect.Field::getName (5 bytes)
Event: 0.363 Thread 0x000001fee7495c70 nmethod 723 0x000001fed2bc5210 code [0x000001fed2bc53a0, 0x000001fed2bc5478]
Event: 0.363 Thread 0x000001fee7637960  724       3       sun.util.logging.PlatformLogger::isLoggable (23 bytes)
Event: 0.363 Thread 0x000001fee7724510  725       3       jdk.internal.logger.AbstractLoggerWrapper::isLoggable (26 bytes)
Event: 0.363 Thread 0x000001fee7724000  726       3       jdk.internal.logger.LazyLoggers$LazyLoggerWrapper::platformProxy (10 bytes)
Event: 0.363 Thread 0x000001fee7495c70  727   !   3       jdk.internal.logger.LazyLoggers$LazyLoggerAccessor::platform (103 bytes)
Event: 0.363 Thread 0x000001fee7724510 nmethod 725 0x000001fecb857790 code [0x000001fecb857980, 0x000001fecb857f18]
Event: 0.363 Thread 0x000001fee7637960 nmethod 724 0x000001fecb858090 code [0x000001fecb858240, 0x000001fecb858518]
Event: 0.363 Thread 0x000001fee7724000 nmethod 726 0x000001fecb858610 code [0x000001fecb8587c0, 0x000001fecb858968]
Event: 0.363 Thread 0x000001fee7724510  731   !   3       sun.awt.AppContext::get (123 bytes)
Event: 0.363 Thread 0x000001fee7637960  728       3       jdk.internal.logger.SimpleConsoleLogger::isLoggable (29 bytes)
Event: 0.363 Thread 0x000001fee7724000  729       3       jdk.internal.logger.SimpleConsoleLogger::effectiveLevel (17 bytes)
Event: 0.364 Thread 0x000001fee7724000 nmethod 729 0x000001fecb858a90 code [0x000001fecb858c40, 0x000001fecb858e88]
Event: 0.364 Thread 0x000001fee7724000  730       3       jdk.internal.logger.SurrogateLogger::defaultPlatformLevel (4 bytes)
Event: 0.364 Thread 0x000001fee7637960 nmethod 728 0x000001fecb858f10 code [0x000001fecb8590c0, 0x000001fecb859428]
Event: 0.364 Thread 0x000001fee7724510 nmethod 731 0x000001fecb859590 code [0x000001fecb8597a0, 0x000001fecb85a268]
Event: 0.364 Thread 0x000001fee7724000 nmethod 730 0x000001fecb85a610 code [0x000001fecb85a7a0, 0x000001fecb85a8b8]
Event: 0.364 Thread 0x000001fee7495c70 nmethod 727 0x000001fecb85a990 code [0x000001fecb85abe0, 0x000001fecb85b908]

GC Heap History (0 events):
No events

Deoptimization events (20 events):
Event: 0.162 Thread 0x000001fec792d860 Uncommon trap: trap_request=0xffffff45 fr.pc=0x000001fed2ba14f4 relative=0x00000000000003d4
Event: 0.162 Thread 0x000001fec792d860 Uncommon trap: reason=unstable_if action=reinterpret pc=0x000001fed2ba14f4 method=java.lang.StringLatin1.newString([BII)Ljava/lang/String; @ 1 c2
Event: 0.162 Thread 0x000001fec792d860 DEOPT PACKING pc=0x000001fed2ba14f4 sp=0x000000118bdfeda0
Event: 0.162 Thread 0x000001fec792d860 DEOPT UNPACKING pc=0x000001fecb0423a3 sp=0x000000118bdfed80 mode 2
Event: 0.167 Thread 0x000001fec792d860 Uncommon trap: trap_request=0xffffff45 fr.pc=0x000001fed2b99678 relative=0x0000000000000078
Event: 0.167 Thread 0x000001fec792d860 Uncommon trap: reason=unstable_if action=reinterpret pc=0x000001fed2b99678 method=java.lang.String.isLatin1()Z @ 10 c2
Event: 0.167 Thread 0x000001fec792d860 DEOPT PACKING pc=0x000001fed2b99678 sp=0x000000118bdff270
Event: 0.167 Thread 0x000001fec792d860 DEOPT UNPACKING pc=0x000001fecb0423a3 sp=0x000000118bdff1b0 mode 2
Event: 0.357 Thread 0x000001fec792d860 Uncommon trap: trap_request=0xffffff45 fr.pc=0x000001fed2bbc7ac relative=0x000000000000018c
Event: 0.357 Thread 0x000001fec792d860 Uncommon trap: reason=unstable_if action=reinterpret pc=0x000001fed2bbc7ac method=java.lang.String.startsWith(Ljava/lang/String;I)Z @ 1 c2
Event: 0.357 Thread 0x000001fec792d860 DEOPT PACKING pc=0x000001fed2bbc7ac sp=0x000000118bdfee20
Event: 0.357 Thread 0x000001fec792d860 DEOPT UNPACKING pc=0x000001fecb0423a3 sp=0x000000118bdfed88 mode 2
Event: 0.359 Thread 0x000001fec792d860 Uncommon trap: trap_request=0xffffff45 fr.pc=0x000001fed2bbd878 relative=0x00000000000000d8
Event: 0.359 Thread 0x000001fec792d860 Uncommon trap: reason=unstable_if action=reinterpret pc=0x000001fed2bbd878 method=java.util.HashMap.hash(Ljava/lang/Object;)I @ 1 c2
Event: 0.359 Thread 0x000001fec792d860 DEOPT PACKING pc=0x000001fed2bbd878 sp=0x000000118bdfeff0
Event: 0.359 Thread 0x000001fec792d860 DEOPT UNPACKING pc=0x000001fecb0423a3 sp=0x000000118bdfef30 mode 2
Event: 0.360 Thread 0x000001fec792d860 Uncommon trap: trap_request=0xffffff3d fr.pc=0x000001fed2bc0ae4 relative=0x0000000000000b04
Event: 0.360 Thread 0x000001fec792d860 Uncommon trap: reason=unstable_fused_if action=reinterpret pc=0x000001fed2bc0ae4 method=java.util.HashMap.resize()[Ljava/util/HashMap$Node; @ 31 c2
Event: 0.360 Thread 0x000001fec792d860 DEOPT PACKING pc=0x000001fed2bc0ae4 sp=0x000000118bdfea70
Event: 0.360 Thread 0x000001fec792d860 DEOPT UNPACKING pc=0x000001fecb0423a3 sp=0x000000118bdfe9f8 mode 2

Classes unloaded (0 events):
No events

Classes redefined (0 events):
No events

Internal exceptions (15 events):
Event: 0.149 Thread 0x000001fec792d860 Exception <a 'java/lang/NoSuchMethodError'{0x000000071aed90c8}: 'void java.lang.invoke.DirectMethodHandle$Holder.invokeSpecial(java.lang.Object, java.lang.Object, java.lang.Object)'> (0x000000071aed90c8) 
thrown [e:\jenkins\tmp\workspace\build\src\src\hotspot\share\interpreter\linkResolver.cpp, line 766]
Event: 0.156 Thread 0x000001fec792d860 Exception <a 'java/lang/NoSuchMethodError'{0x000000071af7cbf8}: 'void java.lang.invoke.DirectMethodHandle$Holder.invokeSpecial(java.lang.Object, java.lang.Object, java.lang.Object, java.lang.Object, java.lang.Object)'> (0x000000071af7cbf8) 
thrown [e:\jenkins\tmp\workspace\build\src\src\hotspot\share\interpreter\linkResolver.cpp, line 766]
Event: 0.157 Thread 0x000001fec792d860 Exception <a 'java/lang/NoSuchMethodError'{0x000000071af8d3c8}: 'java.lang.Object java.lang.invoke.DirectMethodHandle$Holder.invokeInterface(java.lang.Object, java.lang.Object)'> (0x000000071af8d3c8) 
thrown [e:\jenkins\tmp\workspace\build\src\src\hotspot\share\interpreter\linkResolver.cpp, line 766]
Event: 0.158 Thread 0x000001fec792d860 Exception <a 'java/lang/IncompatibleClassChangeError'{0x000000071af90918}: Found class java.lang.Object, but interface was expected> (0x000000071af90918) 
thrown [e:\jenkins\tmp\workspace\build\src\src\hotspot\share\interpreter\linkResolver.cpp, line 833]
Event: 0.158 Thread 0x000001fec792d860 Exception <a 'java/lang/NoSuchMethodError'{0x000000071af936e0}: 'void java.lang.invoke.DirectMethodHandle$Holder.invokeStatic(java.lang.Object, java.lang.Object, java.lang.Object, java.lang.Object)'> (0x000000071af936e0) 
thrown [e:\jenkins\tmp\workspace\build\src\src\hotspot\share\interpreter\linkResolver.cpp, line 766]
Event: 0.192 Thread 0x000001fec792d860 Exception <a 'java/lang/ClassNotFoundException'{0x000000071ac6f0b8}: sun/awt/resources/spi/awtProvider> (0x000000071ac6f0b8) 
thrown [e:\jenkins\tmp\workspace\build\src\src\hotspot\share\classfile\systemDictionary.cpp, line 256]
Event: 0.210 Thread 0x000001fec792d860 Exception <a 'java/io/FileNotFoundException'{0x000000071acc24b0}> (0x000000071acc24b0) 
thrown [e:\jenkins\tmp\workspace\build\src\src\hotspot\share\prims\jni.cpp, line 516]
Event: 0.213 Thread 0x000001fec792d860 Exception <a 'java/io/FileNotFoundException'{0x000000071ad60098}> (0x000000071ad60098) 
thrown [e:\jenkins\tmp\workspace\build\src\src\hotspot\share\prims\jni.cpp, line 516]
Event: 0.249 Thread 0x000001fec792d860 Exception <a 'java/lang/NoSuchMethodError'{0x000000071ad9b3c8}: 'java.lang.Object java.lang.invoke.DirectMethodHandle$Holder.invokeStaticInit(java.lang.Object)'> (0x000000071ad9b3c8) 
thrown [e:\jenkins\tmp\workspace\build\src\src\hotspot\share\interpreter\linkResolver.cpp, line 766]
Event: 0.338 Thread 0x000001fec792d860 Exception <a 'java/lang/NoSuchMethodError'{0x000000071aa46b00}: 'java.lang.Object java.lang.invoke.DirectMethodHandle$Holder.newInvokeSpecial(java.lang.Object, java.lang.Object, java.lang.Object, java.lang.Object, java.lang.Object)'> (0x000000071aa46b00) 
thrown [e:\jenkins\tmp\workspace\build\src\src\hotspot\share\interpreter\linkResolver.cpp, line 766]
Event: 0.339 Thread 0x000001fec792d860 Exception <a 'java/lang/NoSuchMethodError'{0x000000071aa52a20}: 'java.lang.Object java.lang.invoke.DirectMethodHandle$Holder.invokeStatic(java.lang.Object, int, java.lang.Object, java.lang.Object, java.lang.Object, java.lang.Object)'> (0x000000071aa52a20) 
thrown [e:\jenkins\tmp\workspace\build\src\src\hotspot\share\interpreter\linkResolver.cpp, line 766]
Event: 0.342 Thread 0x000001fec792d860 Exception <a 'java/lang/NoSuchMethodError'{0x000000071aa78430}: 'java.lang.Object java.lang.invoke.DirectMethodHandle$Holder.invokeStatic(java.lang.Object, int, java.lang.Object)'> (0x000000071aa78430) 
thrown [e:\jenkins\tmp\workspace\build\src\src\hotspot\share\interpreter\linkResolver.cpp, line 766]
Event: 0.355 Thread 0x000001fec792d860 Exception <a 'java/lang/ClassNotFoundException'{0x000000071ab2f5f8}: com/sun/swing/internal/plaf/metal/resources/spi/metalProvider> (0x000000071ab2f5f8) 
thrown [e:\jenkins\tmp\workspace\build\src\src\hotspot\share\classfile\systemDictionary.cpp, line 256]
Event: 0.356 Thread 0x000001fec792d860 Exception <a 'java/lang/ClassNotFoundException'{0x000000071ab334a0}: com/sun/swing/internal/plaf/basic/resources/spi/basicProvider> (0x000000071ab334a0) 
thrown [e:\jenkins\tmp\workspace\build\src\src\hotspot\share\classfile\systemDictionary.cpp, line 256]
Event: 0.359 Thread 0x000001fec792d860 Implicit null exception at 0x000001fed2bbd7d8 to 0x000001fed2bbd86e

VM Operations (4 events):
Event: 0.130 Executing VM operation: HandshakeAllThreads
Event: 0.130 Executing VM operation: HandshakeAllThreads done
Event: 0.157 Executing VM operation: HandshakeAllThreads
Event: 0.157 Executing VM operation: HandshakeAllThreads done

Events (20 events):
Event: 0.362 loading class jdk/internal/reflect/UnsafeFieldAccessorFactory
Event: 0.362 loading class jdk/internal/reflect/UnsafeFieldAccessorFactory done
Event: 0.362 loading class java/awt/event/KeyEvent$1
Event: 0.362 loading class sun/awt/AWTAccessor$KeyEventAccessor
Event: 0.362 loading class sun/awt/AWTAccessor$KeyEventAccessor done
Event: 0.363 loading class java/awt/event/KeyEvent$1 done
Event: 0.363 loading class jdk/internal/reflect/UnsafeQualifiedStaticIntegerFieldAccessorImpl
Event: 0.363 loading class jdk/internal/reflect/UnsafeQualifiedStaticFieldAccessorImpl
Event: 0.363 loading class jdk/internal/reflect/UnsafeQualifiedStaticFieldAccessorImpl done
Event: 0.363 loading class jdk/internal/reflect/UnsafeQualifiedStaticIntegerFieldAccessorImpl done
Event: 0.363 loading class javax/swing/plaf/basic/LazyActionMap
Event: 0.363 loading class javax/swing/plaf/ActionMapUIResource
Event: 0.363 loading class javax/swing/ActionMap
Event: 0.363 loading class javax/swing/ActionMap done
Event: 0.363 loading class javax/swing/plaf/ActionMapUIResource done
Event: 0.363 loading class javax/swing/plaf/basic/LazyActionMap done
Event: 0.364 loading class javax/swing/JPopupMenu
Event: 0.364 loading class javax/swing/MenuElement
Event: 0.364 loading class javax/swing/MenuElement done
Event: 0.364 loading class javax/swing/JPopupMenu done


Dynamic libraries:
0x00007ff7a55a0000 - 0x00007ff7a55ae000 	C:\Users\SANKET\.p2\pool\plugins\org.eclipse.justj.openjdk.hotspot.jre.full.win32.x86_64_17.0.2.v20220201-1208\jre\bin\javaw.exe
0x00007fffe9fa0000 - 0x00007fffea1a9000 	C:\Windows\SYSTEM32\ntdll.dll
0x00007fffe8ca0000 - 0x00007fffe8d5d000 	C:\Windows\System32\KERNEL32.DLL
0x00007fffe75f0000 - 0x00007fffe7969000 	C:\Windows\System32\KERNELBASE.dll
0x00007fffe7d10000 - 0x00007fffe7e21000 	C:\Windows\System32\ucrtbase.dll
0x00007fffad970000 - 0x00007fffad988000 	C:\Users\SANKET\.p2\pool\plugins\org.eclipse.justj.openjdk.hotspot.jre.full.win32.x86_64_17.0.2.v20220201-1208\jre\bin\jli.dll
0x00007fffad9c0000 - 0x00007fffad9d9000 	C:\Users\SANKET\.p2\pool\plugins\org.eclipse.justj.openjdk.hotspot.jre.full.win32.x86_64_17.0.2.v20220201-1208\jre\bin\VCRUNTIME140.dll
0x00007fffe9900000 - 0x00007fffe9aac000 	C:\Windows\System32\USER32.dll
0x00007fffe7c20000 - 0x00007fffe7c46000 	C:\Windows\System32\win32u.dll
0x00007fffe9560000 - 0x00007fffe9589000 	C:\Windows\System32\GDI32.dll
0x00007fffe7b00000 - 0x00007fffe7c12000 	C:\Windows\System32\gdi32full.dll
0x00007fffe7970000 - 0x00007fffe7a0d000 	C:\Windows\System32\msvcp_win.dll
0x00007fffe1490000 - 0x00007fffe1735000 	C:\Windows\WinSxS\amd64_microsoft.windows.common-controls_6595b64144ccf1df_6.0.22000.120_none_9d947278b86cc467\COMCTL32.dll
0x00007fffe9850000 - 0x00007fffe98f3000 	C:\Windows\System32\msvcrt.dll
0x00007fffe8f70000 - 0x00007fffe8fa1000 	C:\Windows\System32\IMM32.DLL
0x00007fffe2d80000 - 0x00007fffe2d8c000 	C:\Users\SANKET\.p2\pool\plugins\org.eclipse.justj.openjdk.hotspot.jre.full.win32.x86_64_17.0.2.v20220201-1208\jre\bin\vcruntime140_1.dll
0x00007fff95710000 - 0x00007fff957a1000 	C:\Users\SANKET\.p2\pool\plugins\org.eclipse.justj.openjdk.hotspot.jre.full.win32.x86_64_17.0.2.v20220201-1208\jre\bin\msvcp140.dll
0x00007fff94670000 - 0x00007fff952b7000 	C:\Users\SANKET\.p2\pool\plugins\org.eclipse.justj.openjdk.hotspot.jre.full.win32.x86_64_17.0.2.v20220201-1208\jre\bin\server\jvm.dll
0x00007fffe9b40000 - 0x00007fffe9bee000 	C:\Windows\System32\ADVAPI32.dll
0x00007fffe9dd0000 - 0x00007fffe9e6e000 	C:\Windows\System32\sechost.dll
0x00007fffe8b80000 - 0x00007fffe8ca0000 	C:\Windows\System32\RPCRT4.dll
0x00007fffe9d50000 - 0x00007fffe9d58000 	C:\Windows\System32\PSAPI.DLL
0x00007fffcd720000 - 0x00007fffcd729000 	C:\Windows\SYSTEM32\WSOCK32.dll
0x00007fffe0e00000 - 0x00007fffe0e0a000 	C:\Windows\SYSTEM32\VERSION.dll
0x00007fffe7e30000 - 0x00007fffe7e9f000 	C:\Windows\System32\WS2_32.dll
0x00007fffdcb90000 - 0x00007fffdcbc3000 	C:\Windows\SYSTEM32\WINMM.dll
0x00007fffe6670000 - 0x00007fffe6688000 	C:\Windows\SYSTEM32\kernel.appcore.dll
0x00007fffd26a0000 - 0x00007fffd26aa000 	C:\Users\SANKET\.p2\pool\plugins\org.eclipse.justj.openjdk.hotspot.jre.full.win32.x86_64_17.0.2.v20220201-1208\jre\bin\jimage.dll
0x00007fffe4a60000 - 0x00007fffe4c81000 	C:\Windows\SYSTEM32\DBGHELP.DLL
0x00007fffdcf20000 - 0x00007fffdcf51000 	C:\Windows\SYSTEM32\dbgcore.DLL
0x00007fffe7a80000 - 0x00007fffe7aff000 	C:\Windows\System32\bcryptPrimitives.dll
0x00007fffb2f10000 - 0x00007fffb2f35000 	C:\Users\SANKET\.p2\pool\plugins\org.eclipse.justj.openjdk.hotspot.jre.full.win32.x86_64_17.0.2.v20220201-1208\jre\bin\java.dll
0x00007fffb2ef0000 - 0x00007fffb2f08000 	C:\Users\SANKET\.p2\pool\plugins\org.eclipse.justj.openjdk.hotspot.jre.full.win32.x86_64_17.0.2.v20220201-1208\jre\bin\zip.dll
0x00007fffe83c0000 - 0x00007fffe8b78000 	C:\Windows\System32\SHELL32.dll
0x00007fffe55c0000 - 0x00007fffe5e28000 	C:\Windows\SYSTEM32\windows.storage.dll
0x00007fffe7ea0000 - 0x00007fffe8219000 	C:\Windows\System32\combase.dll
0x00007fffe5450000 - 0x00007fffe55b6000 	C:\Windows\SYSTEM32\wintypes.dll
0x00007fffe8d60000 - 0x00007fffe8e4a000 	C:\Windows\System32\SHCORE.dll
0x00007fffe8fb0000 - 0x00007fffe900d000 	C:\Windows\System32\shlwapi.dll
0x00007fffe73b0000 - 0x00007fffe73d1000 	C:\Windows\SYSTEM32\profapi.dll
0x00007fffb1dc0000 - 0x00007fffb1dd9000 	C:\Users\SANKET\.p2\pool\plugins\org.eclipse.justj.openjdk.hotspot.jre.full.win32.x86_64_17.0.2.v20220201-1208\jre\bin\net.dll
0x00007fffe2a70000 - 0x00007fffe2b7c000 	C:\Windows\SYSTEM32\WINHTTP.dll
0x00007fffe6aa0000 - 0x00007fffe6b07000 	C:\Windows\system32\mswsock.dll
0x00007fffae910000 - 0x00007fffae925000 	C:\Users\SANKET\.p2\pool\plugins\org.eclipse.justj.openjdk.hotspot.jre.full.win32.x86_64_17.0.2.v20220201-1208\jre\bin\nio.dll
0x00007fff95580000 - 0x00007fff9570e000 	C:\Users\SANKET\.p2\pool\plugins\org.eclipse.justj.openjdk.hotspot.jre.full.win32.x86_64_17.0.2.v20220201-1208\jre\bin\awt.dll
0x00007fffe9bf0000 - 0x00007fffe9cc6000 	C:\Windows\System32\OLEAUT32.dll
0x00007fffe4600000 - 0x00007fffe4691000 	C:\Windows\SYSTEM32\apphelp.dll
0x00007fffe4d90000 - 0x00007fffe4dbf000 	C:\Windows\system32\DWMAPI.DLL
0x00007fffe4740000 - 0x00007fffe47ec000 	C:\Windows\system32\uxtheme.dll
0x00007fffa6f30000 - 0x00007fffa7031000 	C:\Windows\system32\opengl32.dll
0x00007fffc2110000 - 0x00007fffc213d000 	C:\Windows\SYSTEM32\GLU32.dll
0x00007fffe4d10000 - 0x00007fffe4d48000 	C:\Windows\SYSTEM32\dxcore.dll
0x00007fffe8e50000 - 0x00007fffe8f6e000 	C:\Windows\System32\MSCTF.dll
0x00007fffe8220000 - 0x00007fffe83ba000 	C:\Windows\System32\ole32.dll
0x00007fffd7d80000 - 0x00007fffd7f26000 	C:\Windows\system32\d3d9.dll
0x00007fffdcc20000 - 0x00007fffdcdda000 	C:\Windows\System32\DriverStore\FileRepository\u0378413.inf_amd64_f433ae918f97b444\B378427\aticfx64.dll
0x00007fff6e3a0000 - 0x00007fff70071000 	C:\Windows\System32\DriverStore\FileRepository\u0378413.inf_amd64_f433ae918f97b444\B378427\amdxn64.dll
0x00007fffe90f0000 - 0x00007fffe955c000 	C:\Windows\System32\SETUPAPI.dll
0x00007fffe4870000 - 0x00007fffe4963000 	C:\Windows\SYSTEM32\dxgi.dll
0x00007fffddab0000 - 0x00007fffddae0000 	C:\Windows\SYSTEM32\amdihk64.dll
0x00007fffe2360000 - 0x00007fffe23a4000 	C:\Windows\SYSTEM32\directxdatabasehelper.dll
0x00007fffe6310000 - 0x00007fffe6344000 	C:\Windows\SYSTEM32\ntmarta.dll

dbghelp: loaded successfully - version: 4.0.5 - missing functions: none
symbol engine: initialized successfully - sym options: 0x614 - pdb path: .;C:\Users\SANKET\.p2\pool\plugins\org.eclipse.justj.openjdk.hotspot.jre.full.win32.x86_64_17.0.2.v20220201-1208\jre\bin;C:\Windows\SYSTEM32;C:\Windows\WinSxS\amd64_microsoft.windows.common-controls_6595b64144ccf1df_6.0.22000.120_none_9d947278b86cc467;C:\Users\SANKET\.p2\pool\plugins\org.eclipse.justj.openjdk.hotspot.jre.full.win32.x86_64_17.0.2.v20220201-1208\jre\bin\server;C:\Windows\System32\DriverStore\FileRepository\u0378413.inf_amd64_f433ae918f97b444\B378427

VM Arguments:
jvm_args: -Dfile.encoding=UTF-8 --module-path=D:\JarFiles\mysql-connector-java-8.0.29.jar;C:\Users\SANKET\Desktop\New folder\jcalendar-1.4.jar -XX:+ShowCodeDetailsInExceptionMessages 
java_command: home
java_class_path (initial): D:\Eclipse\Airline Reservation System\bin
Launcher Type: SUN_STANDARD

[Global flags]
     intx CICompilerCount                          = 12                                        {product} {ergonomic}
     uint ConcGCThreads                            = 3                                         {product} {ergonomic}
     uint G1ConcRefinementThreads                  = 13                                        {product} {ergonomic}
   size_t G1HeapRegionSize                         = 2097152                                   {product} {ergonomic}
    uintx GCDrainStackTargetSize                   = 64                                        {product} {ergonomic}
   size_t InitialHeapSize                          = 257949696                                 {product} {ergonomic}
   size_t MarkStackSize                            = 4194304                                   {product} {ergonomic}
   size_t MaxHeapSize                              = 4097835008                                {product} {ergonomic}
   size_t MaxNewSize                               = 2457862144                                {product} {ergonomic}
   size_t MinHeapDeltaBytes                        = 2097152                                   {product} {ergonomic}
   size_t MinHeapSize                              = 8388608                                   {product} {ergonomic}
    uintx NonNMethodCodeHeapSize                   = 7602480                                {pd product} {ergonomic}
    uintx NonProfiledCodeHeapSize                  = 122027880                              {pd product} {ergonomic}
    uintx ProfiledCodeHeapSize                     = 122027880                              {pd product} {ergonomic}
    uintx ReservedCodeCacheSize                    = 251658240                              {pd product} {ergonomic}
     bool SegmentedCodeCache                       = true                                      {product} {ergonomic}
     bool ShowCodeDetailsInExceptionMessages       = true                                   {manageable} {command line}
   size_t SoftMaxHeapSize                          = 4097835008                             {manageable} {ergonomic}
     bool UseCompressedClassPointers               = true                           {product lp64_product} {ergonomic}
     bool UseCompressedOops                        = true                           {product lp64_product} {ergonomic}
     bool UseG1GC                                  = true                                      {product} {ergonomic}
     bool UseLargePagesIndividualAllocation        = false                                  {pd product} {ergonomic}

Logging:
Log output configuration:
 #0: stdout all=warning uptime,level,tags
 #1: stderr all=off uptime,level,tags

Environment Variables:
PATH=C:/Users/SANKET/.p2/pool/plugins/org.eclipse.justj.openjdk.hotspot.jre.full.win32.x86_64_17.0.2.v20220201-1208/jre/bin/server;C:/Users/SANKET/.p2/pool/plugins/org.eclipse.justj.openjdk.hotspot.jre.full.win32.x86_64_17.0.2.v20220201-1208/jre/bin;C:\Windows\system32;C:\Windows;C:\Windows\System32\Wbem;C:\Windows\System32\WindowsPowerShell\v1.0\;C:\Windows\System32\OpenSSH\;C:\Program Files (x86)\NVIDIA Corporation\PhysX\Common;C:\Program Files\NVIDIA Corporation\NVIDIA NvDLISR;C:\Users\SANKET\AppData\Local\Programs\Python\Python310\Scripts\;C:\Users\SANKET\AppData\Local\Programs\Python\Python310\;C:\Users\SANKET\AppData\Local\Microsoft\WindowsApps;;C:\Users\SANKET\Desktop;
USERNAME=SANKET
OS=Windows_NT
PROCESSOR_IDENTIFIER=AMD64 Family 25 Model 68 Stepping 1, AuthenticAMD



---------------  S Y S T E M  ---------------

OS:
 Windows 11 , 64 bit Build 22000 (10.0.22000.708)
OS uptime: 4 days 1:23 hours

CPU: total 16 (initial active 16) (16 cores per cpu, 2 threads per core) family 25 model 68 stepping 1 microcode 0x0, cx8, cmov, fxsr, ht, mmx, 3dnowpref, sse, sse2, sse3, ssse3, sse4a, sse4.1, sse4.2, popcnt, lzcnt, tsc, tscinvbit, avx, avx2, aes, clmul, bmi1, bmi2, adx, sha, fma, vzeroupper, clflush, clflushopt

Memory: 4k page, system-wide physical 15629M (2625M free)
TotalPageFile size 55276M (AvailPageFile size 5M)
current process WorkingSet (physical memory assigned to process): 62M, peak: 62M
current process commit charge ("private bytes"): 353M, peak: 371M

vm_info: OpenJDK 64-Bit Server VM (17.0.2+8) for windows-amd64 JRE (17.0.2+8), built on Jan 20 2022 04:52:34 by "" with MS VC++ 16.7 (VS2019)

END.
