#
# There is insufficient memory for the Java Runtime Environment to continue.
# Native memory allocation (mmap) failed to map 257949696 bytes for G1 virtual space
# Possible reasons:
#   The system is out of physical RAM or swap space
#   The process is running with CompressedOops enabled, and the Java Heap may be blocking the growth of the native heap
# Possible solutions:
#   Reduce memory load on the system
#   Increase physical memory or swap space
#   Check if swap backing store is full
#   Decrease Java heap size (-Xmx/-Xms)
#   Decrease number of Java threads
#   Decrease Java thread stack sizes (-Xss)
#   Set larger code cache with -XX:ReservedCodeCacheSize=
#   JVM is running with Zero Based Compressed Oops mode in which the Java heap is
#     placed in the first 32GB address space. The Java Heap base address is the
#     maximum limit for the native heap growth. Please use -XX:HeapBaseMinAddress
#     to set the Java Heap base and to place the Java Heap above 32GB virtual address.
# This output file may be truncated or incomplete.
#
#  Out of Memory Error (os_windows.cpp:3532), pid=40436, tid=34940
#
# JRE version:  (17.0.2+8) (build )
# Java VM: OpenJDK 64-Bit Server VM (17.0.2+8, mixed mode, sharing, tiered, compressed oops, compressed class ptrs, g1 gc, windows-amd64)
# No core dump will be written. Minidumps are not enabled by default on client versions of Windows
#

---------------  S U M M A R Y ------------

Command Line: -Dfile.encoding=Cp1252 --module-path=D:\JarFiles\mysql-connector-java-8.0.29.jar;C:\Users\SANKET\Desktop\New folder\jcalendar-1.4.jar;C:\Users\SANKET\Desktop\jxdatepicker-support-1.0.jar -XX:+ShowCodeDetailsInExceptionMessages login

Host: AMD Ryzen 7 6800H with Radeon Graphics         , 16 cores, 15G,  Windows 11 , 64 bit Build 22000 (10.0.22000.708)
Time: Tue Aug  9 13:47:49 2022 India Standard Time elapsed time: 0.013692 seconds (0d 0h 0m 0s)

---------------  T H R E A D  ---------------

Current thread (0x0000019ee935e960):  JavaThread "Unknown thread" [_thread_in_vm, id=34940, stack(0x0000003c99100000,0x0000003c99200000)]

Stack: [0x0000003c99100000,0x0000003c99200000]
Native frames: (J=compiled Java code, j=interpreted, Vv=VM code, C=native code)
V  [jvm.dll+0x67564a]
V  [jvm.dll+0x82fc04]
V  [jvm.dll+0x8313ae]
V  [jvm.dll+0x831a13]
V  [jvm.dll+0x245235]
V  [jvm.dll+0x672539]
V  [jvm.dll+0x666e82]
V  [jvm.dll+0x30401b]
V  [jvm.dll+0x30b566]
V  [jvm.dll+0x35b1fe]
V  [jvm.dll+0x35b42f]
V  [jvm.dll+0x2daf58]
V  [jvm.dll+0x2dbec4]
V  [jvm.dll+0x801881]
V  [jvm.dll+0x368f81]
V  [jvm.dll+0x7e0cdc]
V  [jvm.dll+0x3eb8bf]
V  [jvm.dll+0x3ed441]
C  [jli.dll+0x5277]
C  [ucrtbase.dll+0x26c0c]
C  [KERNEL32.DLL+0x154e0]
C  [ntdll.dll+0x485b]


---------------  P R O C E S S  ---------------

Threads class SMR info:
_java_thread_list=0x00007ffb37a85e98, length=0, elements={
}

Java Threads: ( => current thread )

Other Threads:
  0x0000019ee93ae4f0 GCTaskThread "GC Thread#0" [stack: 0x0000003c99200000,0x0000003c99300000] [id=37456]
  0x0000019ee93be870 ConcurrentGCThread "G1 Main Marker" [stack: 0x0000003c99300000,0x0000003c99400000] [id=39716]
  0x0000019ee93c1930 ConcurrentGCThread "G1 Conc#0" [stack: 0x0000003c99400000,0x0000003c99500000] [id=3200]

[error occurred during error reporting (printing all threads), id 0xc0000005, EXCEPTION_ACCESS_VIOLATION (0xc0000005) at pc=0x00007ffb3725b9d7]

VM state: not at safepoint (not fully initialized)

VM Mutex/Monitor currently owned by a thread:  ([mutex/lock_event])
[0x0000019ee935a7b0] Heap_lock - owner thread: 0x0000019ee935e960

Heap address: 0x000000070bc00000, size: 3908 MB, Compressed Oops mode: Zero based, Oop shift amount: 3

CDS archive(s) mapped at: [0x0000000000000000-0x0000000000000000-0x0000000000000000), size 0, SharedBaseAddress: 0x0000000800000000, ArchiveRelocationMode: 0.
Narrow klass base: 0x0000000000000000, Narrow klass shift: 0, Narrow klass range: 0x0

GC Precious Log:
<Empty>

Heap:
 garbage-first heap   total 0K, used 0K [0x000000070bc00000, 0x0000000800000000)
  region size 2048K, 0 young (0K), 0 survivors (0K)

[error occurred during error reporting (printing heap information), id 0xc0000005, EXCEPTION_ACCESS_VIOLATION (0xc0000005) at pc=0x00007ffb3763e899]

GC Heap History (0 events):
No events

Deoptimization events (0 events):
No events

Classes unloaded (0 events):
No events

Classes redefined (0 events):
No events

Internal exceptions (0 events):
No events

VM Operations (0 events):
No events

Events (1 events):
Event: 0.010 Loaded shared library C:\Users\SANKET\.p2\pool\plugins\org.eclipse.justj.openjdk.hotspot.jre.full.win32.x86_64_17.0.2.v20220201-1208\jre\bin\java.dll


Dynamic libraries:
0x00007ff604a90000 - 0x00007ff604a9e000 	C:\Users\SANKET\.p2\pool\plugins\org.eclipse.justj.openjdk.hotspot.jre.full.win32.x86_64_17.0.2.v20220201-1208\jre\bin\javaw.exe
0x00007ffbc0f00000 - 0x00007ffbc1109000 	C:\Windows\SYSTEM32\ntdll.dll
0x00007ffbbfd80000 - 0x00007ffbbfe3d000 	C:\Windows\System32\KERNEL32.DLL
0x00007ffbbe480000 - 0x00007ffbbe7f9000 	C:\Windows\System32\KERNELBASE.dll
0x00007ffbbec70000 - 0x00007ffbbed81000 	C:\Windows\System32\ucrtbase.dll
0x00007ffb82b10000 - 0x00007ffb82b28000 	C:\Users\SANKET\.p2\pool\plugins\org.eclipse.justj.openjdk.hotspot.jre.full.win32.x86_64_17.0.2.v20220201-1208\jre\bin\jli.dll
0x00007ffb82af0000 - 0x00007ffb82b09000 	C:\Users\SANKET\.p2\pool\plugins\org.eclipse.justj.openjdk.hotspot.jre.full.win32.x86_64_17.0.2.v20220201-1208\jre\bin\VCRUNTIME140.dll
0x00007ffbbff50000 - 0x00007ffbc00fc000 	C:\Windows\System32\USER32.dll
0x00007ffbbe920000 - 0x00007ffbbe946000 	C:\Windows\System32\win32u.dll
0x00007ffbb7eb0000 - 0x00007ffbb8155000 	C:\Windows\WinSxS\amd64_microsoft.windows.common-controls_6595b64144ccf1df_6.0.22000.120_none_9d947278b86cc467\COMCTL32.dll
0x00007ffbc01f0000 - 0x00007ffbc0219000 	C:\Windows\System32\GDI32.dll
0x00007ffbbfcd0000 - 0x00007ffbbfd73000 	C:\Windows\System32\msvcrt.dll
0x00007ffbbe800000 - 0x00007ffbbe912000 	C:\Windows\System32\gdi32full.dll
0x00007ffbbe3e0000 - 0x00007ffbbe47d000 	C:\Windows\System32\msvcp_win.dll
0x00007ffbbfa60000 - 0x00007ffbbfa91000 	C:\Windows\System32\IMM32.DLL
0x00007ffba9020000 - 0x00007ffba902c000 	C:\Users\SANKET\.p2\pool\plugins\org.eclipse.justj.openjdk.hotspot.jre.full.win32.x86_64_17.0.2.v20220201-1208\jre\bin\vcruntime140_1.dll
0x00007ffb71c20000 - 0x00007ffb71cb1000 	C:\Users\SANKET\.p2\pool\plugins\org.eclipse.justj.openjdk.hotspot.jre.full.win32.x86_64_17.0.2.v20220201-1208\jre\bin\msvcp140.dll
0x00007ffb36f70000 - 0x00007ffb37bb7000 	C:\Users\SANKET\.p2\pool\plugins\org.eclipse.justj.openjdk.hotspot.jre.full.win32.x86_64_17.0.2.v20220201-1208\jre\bin\server\jvm.dll
0x00007ffbbf530000 - 0x00007ffbbf5de000 	C:\Windows\System32\ADVAPI32.dll
0x00007ffbbeda0000 - 0x00007ffbbee3e000 	C:\Windows\System32\sechost.dll
0x00007ffbc0320000 - 0x00007ffbc0440000 	C:\Windows\System32\RPCRT4.dll
0x00007ffbbfa50000 - 0x00007ffbbfa58000 	C:\Windows\System32\PSAPI.DLL
0x00007ffbb2d00000 - 0x00007ffbb2d33000 	C:\Windows\SYSTEM32\WINMM.dll
0x00007ffbb5600000 - 0x00007ffbb560a000 	C:\Windows\SYSTEM32\VERSION.dll
0x00007ffba0df0000 - 0x00007ffba0df9000 	C:\Windows\SYSTEM32\WSOCK32.dll
0x00007ffbc0220000 - 0x00007ffbc028f000 	C:\Windows\System32\WS2_32.dll
0x00007ffbbd5d0000 - 0x00007ffbbd5e8000 	C:\Windows\SYSTEM32\kernel.appcore.dll
0x00007ffbb3e00000 - 0x00007ffbb3e0a000 	C:\Users\SANKET\.p2\pool\plugins\org.eclipse.justj.openjdk.hotspot.jre.full.win32.x86_64_17.0.2.v20220201-1208\jre\bin\jimage.dll
0x00007ffbbba50000 - 0x00007ffbbbc71000 	C:\Windows\SYSTEM32\DBGHELP.DLL
0x00007ffbb55c0000 - 0x00007ffbb55f1000 	C:\Windows\SYSTEM32\dbgcore.DLL
0x00007ffbbe950000 - 0x00007ffbbe9cf000 	C:\Windows\System32\bcryptPrimitives.dll
0x00007ffb98d80000 - 0x00007ffb98da5000 	C:\Users\SANKET\.p2\pool\plugins\org.eclipse.justj.openjdk.hotspot.jre.full.win32.x86_64_17.0.2.v20220201-1208\jre\bin\java.dll

dbghelp: loaded successfully - version: 4.0.5 - missing functions: none
symbol engine: initialized successfully - sym options: 0x614 - pdb path: .;C:\Users\SANKET\.p2\pool\plugins\org.eclipse.justj.openjdk.hotspot.jre.full.win32.x86_64_17.0.2.v20220201-1208\jre\bin;C:\Windows\SYSTEM32;C:\Windows\WinSxS\amd64_microsoft.windows.common-controls_6595b64144ccf1df_6.0.22000.120_none_9d947278b86cc467;C:\Users\SANKET\.p2\pool\plugins\org.eclipse.justj.openjdk.hotspot.jre.full.win32.x86_64_17.0.2.v20220201-1208\jre\bin\server

VM Arguments:
jvm_args: -Dfile.encoding=Cp1252 --module-path=D:\JarFiles\mysql-connector-java-8.0.29.jar;C:\Users\SANKET\Desktop\New folder\jcalendar-1.4.jar;C:\Users\SANKET\Desktop\jxdatepicker-support-1.0.jar -XX:+ShowCodeDetailsInExceptionMessages 
java_command: login
java_class_path (initial): D:\Eclipse\Airline Reservation System\bin
Launcher Type: SUN_STANDARD

[Global flags]
     intx CICompilerCount                          = 12                                        {product} {ergonomic}
     uint ConcGCThreads                            = 3                                         {product} {ergonomic}
     uint G1ConcRefinementThreads                  = 13                                        {product} {ergonomic}
   size_t G1HeapRegionSize                         = 2097152                                   {product} {ergonomic}
    uintx GCDrainStackTargetSize                   = 64                                        {product} {ergonomic}
   size_t InitialHeapSize                          = 257949696                                 {product} {ergonomic}
   size_t MarkStackSize                            = 4194304                                   {product} {ergonomic}
   size_t MaxHeapSize                              = 4097835008                                {product} {ergonomic}
   size_t MinHeapDeltaBytes                        = 2097152                                   {product} {ergonomic}
   size_t MinHeapSize                              = 8388608                                   {product} {ergonomic}
    uintx NonNMethodCodeHeapSize                   = 7602480                                {pd product} {ergonomic}
    uintx NonProfiledCodeHeapSize                  = 122027880                              {pd product} {ergonomic}
    uintx ProfiledCodeHeapSize                     = 122027880                              {pd product} {ergonomic}
    uintx ReservedCodeCacheSize                    = 251658240                              {pd product} {ergonomic}
     bool SegmentedCodeCache                       = true                                      {product} {ergonomic}
     bool ShowCodeDetailsInExceptionMessages       = true                                   {manageable} {command line}
   size_t SoftMaxHeapSize                          = 4097835008                             {manageable} {ergonomic}
     bool UseCompressedClassPointers               = true                           {product lp64_product} {ergonomic}
     bool UseCompressedOops                        = true                           {product lp64_product} {ergonomic}
     bool UseG1GC                                  = true                                      {product} {ergonomic}
     bool UseLargePagesIndividualAllocation        = false                                  {pd product} {ergonomic}

Logging:
Log output configuration:
 #0: stdout all=warning uptime,level,tags
 #1: stderr all=off uptime,level,tags

Environment Variables:
PATH=C:/Users/SANKET/.p2/pool/plugins/org.eclipse.justj.openjdk.hotspot.jre.full.win32.x86_64_17.0.2.v20220201-1208/jre/bin/server;C:/Users/SANKET/.p2/pool/plugins/org.eclipse.justj.openjdk.hotspot.jre.full.win32.x86_64_17.0.2.v20220201-1208/jre/bin;C:\Windows\system32;C:\Windows;C:\Windows\System32\Wbem;C:\Windows\System32\WindowsPowerShell\v1.0\;C:\Windows\System32\OpenSSH\;C:\Program Files (x86)\NVIDIA Corporation\PhysX\Common;C:\Program Files\NVIDIA Corporation\NVIDIA NvDLISR;C:\Program Files\dotnet\;C:\Users\SANKET\AppData\Local\Programs\Python\Python310\Scripts\;C:\Users\SANKET\AppData\Local\Programs\Python\Python310\;C:\Users\SANKET\AppData\Local\Microsoft\WindowsApps;;C:\Users\SANKET\Desktop;
USERNAME=SANKET
OS=Windows_NT
PROCESSOR_IDENTIFIER=AMD64 Family 25 Model 68 Stepping 1, AuthenticAMD



---------------  S Y S T E M  ---------------

OS:
 Windows 11 , 64 bit Build 22000 (10.0.22000.708)
OS uptime: 2 days 22:43 hours

CPU: total 16 (initial active 16) (16 cores per cpu, 2 threads per core) family 25 model 68 stepping 1 microcode 0x0, cx8, cmov, fxsr, ht, mmx, 3dnowpref, sse, sse2, sse3, ssse3, sse4a, sse4.1, sse4.2, popcnt, lzcnt, tsc, tscinvbit, avx, avx2, aes, clmul, bmi1, bmi2, adx, sha, fma, vzeroupper, clflush, clflushopt

Memory: 4k page, system-wide physical 15629M (826M free)
TotalPageFile size 55211M (AvailPageFile size 151M)
current process WorkingSet (physical memory assigned to process): 10M, peak: 10M
current process commit charge ("private bytes"): 70M, peak: 316M

vm_info: OpenJDK 64-Bit Server VM (17.0.2+8) for windows-amd64 JRE (17.0.2+8), built on Jan 20 2022 04:52:34 by "" with MS VC++ 16.7 (VS2019)

END.
